

<!DOCTYPE html>
<html>
<head>
<meta charset="UTF-8">
<meta name="viewport" content="width=device-width, initial-scale=1, shrink-to-fit=no">
<title>Automation Test Report</title>
<link rel="apple-touch-icon" href="https://cdn.jsdelivr.net/gh/extent-framework/extent-github-cdn@b00a2d0486596e73dd7326beacf352c639623a0e/commons/img/logo.png">
<link rel="shortcut icon" href="https://cdn.jsdelivr.net/gh/extent-framework/extent-github-cdn@b00a2d0486596e73dd7326beacf352c639623a0e/commons/img/logo.png">
<link href="https://cdn.jsdelivr.net/gh/extent-framework/extent-github-cdn@ce8b10435bcbae260c334c0d0c6b61d2c19b6168/spark/css/spark-style.css" rel="stylesheet" />
<link href="https://stackpath.bootstrapcdn.com/font-awesome/4.7.0/css/font-awesome.min.css" rel="stylesheet">
<script src="https://cdn.jsdelivr.net/gh/extent-framework/extent-github-cdn@7cc78ce/spark/js/jsontree.js"></script>
<style type="text/css"></style></head><body class="spa -report standard">
  <div class="app">
    <div class="layout">
<div class="header navbar">
<div class="vheader">
<div class="nav-logo">
<a href="#">
<div class="logo" style="background-image: url('https://cdn.jsdelivr.net/gh/extent-framework/extent-github-cdn@b00a2d0486596e73dd7326beacf352c639623a0e/commons/img/logo.png')"></div>
</a>
</div>
<ul class="nav-left">
<li class="search-box">
<a class="search-toggle" href="#">
<i class="search-icon fa fa-search"></i>
<i class="search-icon-close fa fa-close"></i>
</a>
</li>
<li class="search-input"><input id="search-tests" class="form-control" type="text" placeholder="Search..."></li>
</ul>
<ul class="nav-right">
<li class="m-r-10">
<a href="#"><span class="badge badge-primary">Test Results</span></a>
</li>
<li class="m-r-10">
<a href="#"><span class="badge badge-primary">Aug 26, 2025 11:24:25 PM</span></a>
</li>
</ul>
</div>
</div><div class="side-nav">
<div class="side-nav-inner">
<ul class="side-nav-menu">
<li class="nav-item dropdown" onclick="toggleView('test-view')">
<a id="nav-test" class="dropdown-toggle" href="#">
<span class="ico"><i class="fa fa-list"></i></span>
</a>
</li>
<li class="nav-item dropdown" onclick="toggleView('dashboard-view')">
<a id="nav-dashboard" class="dropdown-toggle" href="#">
<span class="ico"><i class="fa fa-bar-chart"></i></span>
</a>
</li>
</ul>
</div>
</div>      <div class="vcontainer">
        <div class="main-content">
<div class="test-wrapper row view test-view">
  <div class="test-list">
    <div class="test-list-tools">
<ul class="tools pull-left">
<li><a href="#"><span class="font-size-14">Tests</span></a></li>
</ul>
<ul class="tools text-right">
<li class="dropdown">
<a href="#" class="dropdown-toggle" data-toggle="dropdown"><i class="fa fa-exclamation-circle"></i></a>
<ul id="status-toggle" class="dropdown-menu dropdown-md p-v-0">
<a class="dropdown-item" status="pass" href="#"><span>Pass</span><span class="status success"></span></a>
<a class="dropdown-item" status="fail" href="#"><span>Fail</span><span class="status danger"></span></a>
<div class="dropdown-divider"></div>
<a status="clear" class="dropdown-item" href="#"><span>Clear</span><span class="pull-right"><i class="fa fa-close"></i></span></a>
</ul>
</li>
</ul>
</div>    <div class="test-list-wrapper scrollable">
      <ul class="test-list-item">
        <li class="test-item"  status="fail" test-id="1"
          author=""
          tag=""
          device="">
          <div class="test-detail">
            <p class="name">verifyTC250_CompareNumberReviews</p>
            <p class="text-sm">
              <span>11:24:29 PM</span> / <span>00:00:08:978</span>
              <span class="badge fail-bg log float-right">Fail</span>
            </p>
          </div>
          <div class="test-contents d-none">
<div class="detail-head">
<div class="p-v-10">
<div class="info">
<h5 class="test-status text-fail">verifyTC250_CompareNumberReviews</h5>
<span class='badge badge-success'>08.26.2025 11:24:29 PM</span>
<span class='badge badge-danger'>08.26.2025 11:24:38 PM</span>
<span class='badge badge-default'>00:00:08:978</span>
&middot; <span class='uri-anchor badge badge-default'>#test-id=1</span>
<span title='Skip to the next failed step' class='badge badge-danger pointer float-right ne ml-1'><i class="fa fa-fast-forward"></i></span>
<span title='Collapse all nodes' class='badge badge-default pointer float-right ct ml-1'><i class="fa fa-compress"></i></span>
<span title='Expand all nodes' class='badge badge-default pointer float-right et'><i class="fa fa-expand"></i></span>
</div>
</div>
</div><div class="detail-body mt-4">
<table class="table table-sm">
  <thead><tr><th class="status-col">Status</th><th class="timestamp-col">Timestamp</th><th class="details-col">Details</th></tr></thead>
  <tbody>
      <tr class="event-row">
        <td><span class="badge log fail-bg">Fail</span></td>
        <td>11:24:38 PM</td>
        <td>
          Test Failed: java.lang.AssertionError: [TC250]❌ Test Failed: Tổng số lượng reviews hiển thị không đúng
    <div class="row mb-3"><div class="col-md-3">
    

<img data-featherlight='C:\Users\ThaoPNN\Desktop\Capstone_AutomationTest_Team06_Testing04\test-output\screenshots\verifyTC250_CompareNumberReviews.png' src="C:\Users\ThaoPNN\Desktop\Capstone_AutomationTest_Team06_Testing04\test-output\screenshots\verifyTC250_CompareNumberReviews.png">
  
    

    </div></div>
        </td>
      </tr>
  </tbody>
</table>
</div>
          </div>
        </li>
        <li class="test-item"  status="fail" test-id="2"
          author=""
          tag=""
          device="">
          <div class="test-detail">
            <p class="name">verifyTC252_CheckSortByReview</p>
            <p class="text-sm">
              <span>11:24:44 PM</span> / <span>00:00:02:591</span>
              <span class="badge fail-bg log float-right">Fail</span>
            </p>
          </div>
          <div class="test-contents d-none">
<div class="detail-head">
<div class="p-v-10">
<div class="info">
<h5 class="test-status text-fail">verifyTC252_CheckSortByReview</h5>
<span class='badge badge-success'>08.26.2025 11:24:44 PM</span>
<span class='badge badge-danger'>08.26.2025 11:24:47 PM</span>
<span class='badge badge-default'>00:00:02:591</span>
&middot; <span class='uri-anchor badge badge-default'>#test-id=2</span>
<span title='Skip to the next failed step' class='badge badge-danger pointer float-right ne ml-1'><i class="fa fa-fast-forward"></i></span>
<span title='Collapse all nodes' class='badge badge-default pointer float-right ct ml-1'><i class="fa fa-compress"></i></span>
<span title='Expand all nodes' class='badge badge-default pointer float-right et'><i class="fa fa-expand"></i></span>
</div>
</div>
</div><div class="detail-body mt-4">
<table class="table table-sm">
  <thead><tr><th class="status-col">Status</th><th class="timestamp-col">Timestamp</th><th class="details-col">Details</th></tr></thead>
  <tbody>
      <tr class="event-row">
        <td><span class="badge log fail-bg">Fail</span></td>
        <td>11:24:47 PM</td>
        <td>
          Test Failed: java.lang.AssertionError: Sort By không thay đổi kết quả hiển thị! did not expect [[Lorem ipsum dolor sit amet consectetur adipisicing elit. Temporibus qui voluptatem nemo! Sit aliquam optio incidunt temporibus, eligendi porro ducimus nulla modi, ut deserunt repudiandae.]] but found [[Lorem ipsum dolor sit amet consectetur adipisicing elit. Temporibus qui voluptatem nemo! Sit aliquam optio incidunt temporibus, eligendi porro ducimus nulla modi, ut deserunt repudiandae.]]
    <div class="row mb-3"><div class="col-md-3">
    

<img data-featherlight='C:\Users\ThaoPNN\Desktop\Capstone_AutomationTest_Team06_Testing04\test-output\screenshots\verifyTC252_CheckSortByReview.png' src="C:\Users\ThaoPNN\Desktop\Capstone_AutomationTest_Team06_Testing04\test-output\screenshots\verifyTC252_CheckSortByReview.png">
  
    

    </div></div>
        </td>
      </tr>
  </tbody>
</table>
</div>
          </div>
        </li>
        <li class="test-item"  status="fail" test-id="3"
          author=""
          tag=""
          device="">
          <div class="test-detail">
            <p class="name">verifyTC253_CheckAvatarUserReview</p>
            <p class="text-sm">
              <span>11:24:59 PM</span> / <span>00:00:02:497</span>
              <span class="badge fail-bg log float-right">Fail</span>
            </p>
          </div>
          <div class="test-contents d-none">
<div class="detail-head">
<div class="p-v-10">
<div class="info">
<h5 class="test-status text-fail">verifyTC253_CheckAvatarUserReview</h5>
<span class='badge badge-success'>08.26.2025 11:24:59 PM</span>
<span class='badge badge-danger'>08.26.2025 11:25:01 PM</span>
<span class='badge badge-default'>00:00:02:497</span>
&middot; <span class='uri-anchor badge badge-default'>#test-id=3</span>
<span title='Skip to the next failed step' class='badge badge-danger pointer float-right ne ml-1'><i class="fa fa-fast-forward"></i></span>
<span title='Collapse all nodes' class='badge badge-default pointer float-right ct ml-1'><i class="fa fa-compress"></i></span>
<span title='Expand all nodes' class='badge badge-default pointer float-right et'><i class="fa fa-expand"></i></span>
</div>
</div>
</div><div class="detail-body mt-4">
<table class="table table-sm">
  <thead><tr><th class="status-col">Status</th><th class="timestamp-col">Timestamp</th><th class="details-col">Details</th></tr></thead>
  <tbody>
      <tr class="event-row">
        <td><span class="badge log fail-bg">Fail</span></td>
        <td>11:25:01 PM</td>
        <td>
          Test Failed: java.lang.AssertionError: [TC253] ❌ Test Failed:  Ảnh avatar bị lỗi hoặc không load được!
    <div class="row mb-3"><div class="col-md-3">
    

<img data-featherlight='C:\Users\ThaoPNN\Desktop\Capstone_AutomationTest_Team06_Testing04\test-output\screenshots\verifyTC253_CheckAvatarUserReview.png' src="C:\Users\ThaoPNN\Desktop\Capstone_AutomationTest_Team06_Testing04\test-output\screenshots\verifyTC253_CheckAvatarUserReview.png">
  
    

    </div></div>
        </td>
      </tr>
  </tbody>
</table>
</div>
          </div>
        </li>
        <li class="test-item"  status="fail" test-id="4"
          author=""
          tag=""
          device="">
          <div class="test-detail">
            <p class="name">verifyTC253_WrongCountryDisplayed</p>
            <p class="text-sm">
              <span>11:25:07 PM</span> / <span>00:00:04:816</span>
              <span class="badge fail-bg log float-right">Fail</span>
            </p>
          </div>
          <div class="test-contents d-none">
<div class="detail-head">
<div class="p-v-10">
<div class="info">
<h5 class="test-status text-fail">verifyTC253_WrongCountryDisplayed</h5>
<span class='badge badge-success'>08.26.2025 11:25:07 PM</span>
<span class='badge badge-danger'>08.26.2025 11:25:12 PM</span>
<span class='badge badge-default'>00:00:04:816</span>
&middot; <span class='uri-anchor badge badge-default'>#test-id=4</span>
<span title='Skip to the next failed step' class='badge badge-danger pointer float-right ne ml-1'><i class="fa fa-fast-forward"></i></span>
<span title='Collapse all nodes' class='badge badge-default pointer float-right ct ml-1'><i class="fa fa-compress"></i></span>
<span title='Expand all nodes' class='badge badge-default pointer float-right et'><i class="fa fa-expand"></i></span>
</div>
</div>
</div><div class="detail-body mt-4">
<table class="table table-sm">
  <thead><tr><th class="status-col">Status</th><th class="timestamp-col">Timestamp</th><th class="details-col">Details</th></tr></thead>
  <tbody>
      <tr class="event-row">
        <td><span class="badge log fail-bg">Fail</span></td>
        <td>11:25:12 PM</td>
        <td>
          Test Failed: java.lang.AssertionError: [TC253]❌ Test Failed: Lỗi hiển thị sai quốc gia
    <div class="row mb-3"><div class="col-md-3">
    

<img data-featherlight='C:\Users\ThaoPNN\Desktop\Capstone_AutomationTest_Team06_Testing04\test-output\screenshots\verifyTC253_WrongCountryDisplayed.png' src="C:\Users\ThaoPNN\Desktop\Capstone_AutomationTest_Team06_Testing04\test-output\screenshots\verifyTC253_WrongCountryDisplayed.png">
  
    

    </div></div>
        </td>
      </tr>
  </tbody>
</table>
</div>
          </div>
        </li>
        <li class="test-item"  status="pass" test-id="5"
          author=""
          tag=""
          device="">
          <div class="test-detail">
            <p class="name">verifyTC255_CheckDisplayRatingAndCommentBox</p>
            <p class="text-sm">
              <span>11:25:14 PM</span> / <span>00:00:04:696</span>
              <span class="badge pass-bg log float-right">Pass</span>
            </p>
          </div>
          <div class="test-contents d-none">
<div class="detail-head">
<div class="p-v-10">
<div class="info">
<h5 class="test-status text-pass">verifyTC255_CheckDisplayRatingAndCommentBox</h5>
<span class='badge badge-success'>08.26.2025 11:25:14 PM</span>
<span class='badge badge-danger'>08.26.2025 11:25:19 PM</span>
<span class='badge badge-default'>00:00:04:696</span>
&middot; <span class='uri-anchor badge badge-default'>#test-id=5</span>
<span title='Skip to the next failed step' class='badge badge-danger pointer float-right ne ml-1'><i class="fa fa-fast-forward"></i></span>
<span title='Collapse all nodes' class='badge badge-default pointer float-right ct ml-1'><i class="fa fa-compress"></i></span>
<span title='Expand all nodes' class='badge badge-default pointer float-right et'><i class="fa fa-expand"></i></span>
</div>
</div>
</div><div class="detail-body mt-4">
<table class="table table-sm">
  <thead><tr><th class="status-col">Status</th><th class="timestamp-col">Timestamp</th><th class="details-col">Details</th></tr></thead>
  <tbody>
      <tr class="event-row">
        <td><span class="badge log pass-bg">Pass</span></td>
        <td>11:25:19 PM</td>
        <td>
          Test Passed
        </td>
      </tr>
  </tbody>
</table>
</div>
          </div>
        </li>
        <li class="test-item"  status="pass" test-id="6"
          author=""
          tag=""
          device="">
          <div class="test-detail">
            <p class="name">verifyTC257_CheckValidCommentInput</p>
            <p class="text-sm">
              <span>11:25:21 PM</span> / <span>00:00:06:378</span>
              <span class="badge pass-bg log float-right">Pass</span>
            </p>
          </div>
          <div class="test-contents d-none">
<div class="detail-head">
<div class="p-v-10">
<div class="info">
<h5 class="test-status text-pass">verifyTC257_CheckValidCommentInput</h5>
<span class='badge badge-success'>08.26.2025 11:25:21 PM</span>
<span class='badge badge-danger'>08.26.2025 11:25:27 PM</span>
<span class='badge badge-default'>00:00:06:378</span>
&middot; <span class='uri-anchor badge badge-default'>#test-id=6</span>
<span title='Skip to the next failed step' class='badge badge-danger pointer float-right ne ml-1'><i class="fa fa-fast-forward"></i></span>
<span title='Collapse all nodes' class='badge badge-default pointer float-right ct ml-1'><i class="fa fa-compress"></i></span>
<span title='Expand all nodes' class='badge badge-default pointer float-right et'><i class="fa fa-expand"></i></span>
</div>
</div>
</div><div class="detail-body mt-4">
<table class="table table-sm">
  <thead><tr><th class="status-col">Status</th><th class="timestamp-col">Timestamp</th><th class="details-col">Details</th></tr></thead>
  <tbody>
      <tr class="event-row">
        <td><span class="badge log pass-bg">Pass</span></td>
        <td>11:25:27 PM</td>
        <td>
          Test Passed
        </td>
      </tr>
  </tbody>
</table>
</div>
          </div>
        </li>
        <li class="test-item"  status="pass" test-id="7"
          author=""
          tag=""
          device="">
          <div class="test-detail">
            <p class="name">verifyTC258_CheckFullReviewSubmission</p>
            <p class="text-sm">
              <span>11:25:32 PM</span> / <span>00:00:02:516</span>
              <span class="badge pass-bg log float-right">Pass</span>
            </p>
          </div>
          <div class="test-contents d-none">
<div class="detail-head">
<div class="p-v-10">
<div class="info">
<h5 class="test-status text-pass">verifyTC258_CheckFullReviewSubmission</h5>
<span class='badge badge-success'>08.26.2025 11:25:32 PM</span>
<span class='badge badge-danger'>08.26.2025 11:25:34 PM</span>
<span class='badge badge-default'>00:00:02:516</span>
&middot; <span class='uri-anchor badge badge-default'>#test-id=7</span>
<span title='Skip to the next failed step' class='badge badge-danger pointer float-right ne ml-1'><i class="fa fa-fast-forward"></i></span>
<span title='Collapse all nodes' class='badge badge-default pointer float-right ct ml-1'><i class="fa fa-compress"></i></span>
<span title='Expand all nodes' class='badge badge-default pointer float-right et'><i class="fa fa-expand"></i></span>
</div>
</div>
</div><div class="detail-body mt-4">
<table class="table table-sm">
  <thead><tr><th class="status-col">Status</th><th class="timestamp-col">Timestamp</th><th class="details-col">Details</th></tr></thead>
  <tbody>
      <tr class="event-row">
        <td><span class="badge log pass-bg">Pass</span></td>
        <td>11:25:34 PM</td>
        <td>
          Test Passed
        </td>
      </tr>
  </tbody>
</table>
</div>
          </div>
        </li>
        <li class="test-item"  status="pass" test-id="8"
          author=""
          tag=""
          device="">
          <div class="test-detail">
            <p class="name">verifyTC260_CheckSubmitReviewMissing</p>
            <p class="text-sm">
              <span>11:25:39 PM</span> / <span>00:00:01:280</span>
              <span class="badge pass-bg log float-right">Pass</span>
            </p>
          </div>
          <div class="test-contents d-none">
<div class="detail-head">
<div class="p-v-10">
<div class="info">
<h5 class="test-status text-pass">verifyTC260_CheckSubmitReviewMissing</h5>
<span class='badge badge-success'>08.26.2025 11:25:39 PM</span>
<span class='badge badge-danger'>08.26.2025 11:25:41 PM</span>
<span class='badge badge-default'>00:00:01:280</span>
&middot; <span class='uri-anchor badge badge-default'>#test-id=8</span>
<span title='Skip to the next failed step' class='badge badge-danger pointer float-right ne ml-1'><i class="fa fa-fast-forward"></i></span>
<span title='Collapse all nodes' class='badge badge-default pointer float-right ct ml-1'><i class="fa fa-compress"></i></span>
<span title='Expand all nodes' class='badge badge-default pointer float-right et'><i class="fa fa-expand"></i></span>
</div>
</div>
</div><div class="detail-body mt-4">
<table class="table table-sm">
  <thead><tr><th class="status-col">Status</th><th class="timestamp-col">Timestamp</th><th class="details-col">Details</th></tr></thead>
  <tbody>
      <tr class="event-row">
        <td><span class="badge log pass-bg">Pass</span></td>
        <td>11:25:41 PM</td>
        <td>
          Test Passed
        </td>
      </tr>
  </tbody>
</table>
</div>
          </div>
        </li>
        <li class="test-item"  status="fail" test-id="9"
          author=""
          tag=""
          device="">
          <div class="test-detail">
            <p class="name">verifyTC262_CheckLongCommnent</p>
            <p class="text-sm">
              <span>11:25:45 PM</span> / <span>00:01:01:684</span>
              <span class="badge fail-bg log float-right">Fail</span>
            </p>
          </div>
          <div class="test-contents d-none">
<div class="detail-head">
<div class="p-v-10">
<div class="info">
<h5 class="test-status text-fail">verifyTC262_CheckLongCommnent</h5>
<span class='badge badge-success'>08.26.2025 11:25:45 PM</span>
<span class='badge badge-danger'>08.26.2025 11:26:47 PM</span>
<span class='badge badge-default'>00:01:01:684</span>
&middot; <span class='uri-anchor badge badge-default'>#test-id=9</span>
<span title='Skip to the next failed step' class='badge badge-danger pointer float-right ne ml-1'><i class="fa fa-fast-forward"></i></span>
<span title='Collapse all nodes' class='badge badge-default pointer float-right ct ml-1'><i class="fa fa-compress"></i></span>
<span title='Expand all nodes' class='badge badge-default pointer float-right et'><i class="fa fa-expand"></i></span>
</div>
</div>
</div><div class="detail-body mt-4">
<table class="table table-sm">
  <thead><tr><th class="status-col">Status</th><th class="timestamp-col">Timestamp</th><th class="details-col">Details</th></tr></thead>
  <tbody>
      <tr class="event-row">
        <td><span class="badge log fail-bg">Fail</span></td>
        <td>11:26:47 PM</td>
        <td>
          Test Failed: java.lang.AssertionError: [TC262]❌ Test Failed: Gửi thành công nhưng không chặn giới hạn độ dài
    <div class="row mb-3"><div class="col-md-3">
    

<img data-featherlight='C:\Users\ThaoPNN\Desktop\Capstone_AutomationTest_Team06_Testing04\test-output\screenshots\verifyTC262_CheckLongCommnent.png' src="C:\Users\ThaoPNN\Desktop\Capstone_AutomationTest_Team06_Testing04\test-output\screenshots\verifyTC262_CheckLongCommnent.png">
  
    

    </div></div>
        </td>
      </tr>
  </tbody>
</table>
</div>
          </div>
        </li>
        <li class="test-item"  status="fail" test-id="10"
          author=""
          tag=""
          device="">
          <div class="test-detail">
            <p class="name">verifyTC263_TestXSSPreventedTextarea</p>
            <p class="text-sm">
              <span>11:26:49 PM</span> / <span>00:00:08:655</span>
              <span class="badge fail-bg log float-right">Fail</span>
            </p>
          </div>
          <div class="test-contents d-none">
<div class="detail-head">
<div class="p-v-10">
<div class="info">
<h5 class="test-status text-fail">verifyTC263_TestXSSPreventedTextarea</h5>
<span class='badge badge-success'>08.26.2025 11:26:49 PM</span>
<span class='badge badge-danger'>08.26.2025 11:26:58 PM</span>
<span class='badge badge-default'>00:00:08:655</span>
&middot; <span class='uri-anchor badge badge-default'>#test-id=10</span>
<span title='Skip to the next failed step' class='badge badge-danger pointer float-right ne ml-1'><i class="fa fa-fast-forward"></i></span>
<span title='Collapse all nodes' class='badge badge-default pointer float-right ct ml-1'><i class="fa fa-compress"></i></span>
<span title='Expand all nodes' class='badge badge-default pointer float-right et'><i class="fa fa-expand"></i></span>
</div>
</div>
</div><div class="detail-body mt-4">
<table class="table table-sm">
  <thead><tr><th class="status-col">Status</th><th class="timestamp-col">Timestamp</th><th class="details-col">Details</th></tr></thead>
  <tbody>
      <tr class="event-row">
        <td><span class="badge log fail-bg">Fail</span></td>
        <td>11:26:58 PM</td>
        <td>
          Test Failed: java.lang.AssertionError: [TC263]❌ Test Failed: Gửi thành công nhưng không chặn script/XSS
    <div class="row mb-3"><div class="col-md-3">
    

<img data-featherlight='C:\Users\ThaoPNN\Desktop\Capstone_AutomationTest_Team06_Testing04\test-output\screenshots\verifyTC263_TestXSSPreventedTextarea.png' src="C:\Users\ThaoPNN\Desktop\Capstone_AutomationTest_Team06_Testing04\test-output\screenshots\verifyTC263_TestXSSPreventedTextarea.png">
  
    

    </div></div>
        </td>
      </tr>
  </tbody>
</table>
</div>
          </div>
        </li>
        <li class="test-item"  status="fail" test-id="11"
          author=""
          tag=""
          device="">
          <div class="test-detail">
            <p class="name">verifyTC264_SubmittedSpecialCharacters</p>
            <p class="text-sm">
              <span>11:27:03 PM</span> / <span>00:00:05:169</span>
              <span class="badge fail-bg log float-right">Fail</span>
            </p>
          </div>
          <div class="test-contents d-none">
<div class="detail-head">
<div class="p-v-10">
<div class="info">
<h5 class="test-status text-fail">verifyTC264_SubmittedSpecialCharacters</h5>
<span class='badge badge-success'>08.26.2025 11:27:03 PM</span>
<span class='badge badge-danger'>08.26.2025 11:27:08 PM</span>
<span class='badge badge-default'>00:00:05:169</span>
&middot; <span class='uri-anchor badge badge-default'>#test-id=11</span>
<span title='Skip to the next failed step' class='badge badge-danger pointer float-right ne ml-1'><i class="fa fa-fast-forward"></i></span>
<span title='Collapse all nodes' class='badge badge-default pointer float-right ct ml-1'><i class="fa fa-compress"></i></span>
<span title='Expand all nodes' class='badge badge-default pointer float-right et'><i class="fa fa-expand"></i></span>
</div>
</div>
</div><div class="detail-body mt-4">
<table class="table table-sm">
  <thead><tr><th class="status-col">Status</th><th class="timestamp-col">Timestamp</th><th class="details-col">Details</th></tr></thead>
  <tbody>
      <tr class="event-row">
        <td><span class="badge log fail-bg">Fail</span></td>
        <td>11:27:08 PM</td>
        <td>
          Test Failed: java.lang.AssertionError: [TC264]❌ Test Failed: Gửi thành công nhưng không chặn ký tự đặc biệt
    <div class="row mb-3"><div class="col-md-3">
    

<img data-featherlight='C:\Users\ThaoPNN\Desktop\Capstone_AutomationTest_Team06_Testing04\test-output\screenshots\verifyTC264_SubmittedSpecialCharacters.png' src="C:\Users\ThaoPNN\Desktop\Capstone_AutomationTest_Team06_Testing04\test-output\screenshots\verifyTC264_SubmittedSpecialCharacters.png">
  
    

    </div></div>
        </td>
      </tr>
  </tbody>
</table>
</div>
          </div>
        </li>
        <li class="test-item"  status="fail" test-id="12"
          author=""
          tag=""
          device="">
          <div class="test-detail">
            <p class="name">verifyTC265_CheckSuccessSub_DelForm</p>
            <p class="text-sm">
              <span>11:27:14 PM</span> / <span>00:00:03:372</span>
              <span class="badge fail-bg log float-right">Fail</span>
            </p>
          </div>
          <div class="test-contents d-none">
<div class="detail-head">
<div class="p-v-10">
<div class="info">
<h5 class="test-status text-fail">verifyTC265_CheckSuccessSub_DelForm</h5>
<span class='badge badge-success'>08.26.2025 11:27:14 PM</span>
<span class='badge badge-danger'>08.26.2025 11:27:18 PM</span>
<span class='badge badge-default'>00:00:03:372</span>
&middot; <span class='uri-anchor badge badge-default'>#test-id=12</span>
<span title='Skip to the next failed step' class='badge badge-danger pointer float-right ne ml-1'><i class="fa fa-fast-forward"></i></span>
<span title='Collapse all nodes' class='badge badge-default pointer float-right ct ml-1'><i class="fa fa-compress"></i></span>
<span title='Expand all nodes' class='badge badge-default pointer float-right et'><i class="fa fa-expand"></i></span>
</div>
</div>
</div><div class="detail-body mt-4">
<table class="table table-sm">
  <thead><tr><th class="status-col">Status</th><th class="timestamp-col">Timestamp</th><th class="details-col">Details</th></tr></thead>
  <tbody>
      <tr class="event-row">
        <td><span class="badge log fail-bg">Fail</span></td>
        <td>11:27:18 PM</td>
        <td>
          Test Failed: java.lang.AssertionError: [TC265]❌ Test Failed: Gửi thành công nhưng không xóa form
    <div class="row mb-3"><div class="col-md-3">
    

<img data-featherlight='C:\Users\ThaoPNN\Desktop\Capstone_AutomationTest_Team06_Testing04\test-output\screenshots\verifyTC265_CheckSuccessSub_DelForm.png' src="C:\Users\ThaoPNN\Desktop\Capstone_AutomationTest_Team06_Testing04\test-output\screenshots\verifyTC265_CheckSuccessSub_DelForm.png">
  
    

    </div></div>
        </td>
      </tr>
  </tbody>
</table>
</div>
          </div>
        </li>
        <li class="test-item"  status="fail" test-id="13"
          author=""
          tag=""
          device="">
          <div class="test-detail">
            <p class="name">verifyTC271_CheckCommentDeletion</p>
            <p class="text-sm">
              <span>11:27:19 PM</span> / <span>00:00:05:492</span>
              <span class="badge fail-bg log float-right">Fail</span>
            </p>
          </div>
          <div class="test-contents d-none">
<div class="detail-head">
<div class="p-v-10">
<div class="info">
<h5 class="test-status text-fail">verifyTC271_CheckCommentDeletion</h5>
<span class='badge badge-success'>08.26.2025 11:27:19 PM</span>
<span class='badge badge-danger'>08.26.2025 11:27:25 PM</span>
<span class='badge badge-default'>00:00:05:492</span>
&middot; <span class='uri-anchor badge badge-default'>#test-id=13</span>
<span title='Skip to the next failed step' class='badge badge-danger pointer float-right ne ml-1'><i class="fa fa-fast-forward"></i></span>
<span title='Collapse all nodes' class='badge badge-default pointer float-right ct ml-1'><i class="fa fa-compress"></i></span>
<span title='Expand all nodes' class='badge badge-default pointer float-right et'><i class="fa fa-expand"></i></span>
</div>
</div>
</div><div class="detail-body mt-4">
<table class="table table-sm">
  <thead><tr><th class="status-col">Status</th><th class="timestamp-col">Timestamp</th><th class="details-col">Details</th></tr></thead>
  <tbody>
      <tr class="event-row">
        <td><span class="badge log fail-bg">Fail</span></td>
        <td>11:27:25 PM</td>
        <td>
          Test Failed: java.lang.AssertionError: [TC271]❌ Test Failed: Lỗi xóa bình luận expected [false] but found [true]
    <div class="row mb-3"><div class="col-md-3">
    

<img data-featherlight='C:\Users\ThaoPNN\Desktop\Capstone_AutomationTest_Team06_Testing04\test-output\screenshots\verifyTC271_CheckCommentDeletion.png' src="C:\Users\ThaoPNN\Desktop\Capstone_AutomationTest_Team06_Testing04\test-output\screenshots\verifyTC271_CheckCommentDeletion.png">
  
    

    </div></div>
        </td>
      </tr>
  </tbody>
</table>
</div>
          </div>
        </li>
        <li class="test-item"  status="fail" test-id="14"
          author=""
          tag=""
          device="">
          <div class="test-detail">
            <p class="name">verifyTC271_CheckCommentHelpful</p>
            <p class="text-sm">
              <span>11:27:27 PM</span> / <span>00:00:09:941</span>
              <span class="badge fail-bg log float-right">Fail</span>
            </p>
          </div>
          <div class="test-contents d-none">
<div class="detail-head">
<div class="p-v-10">
<div class="info">
<h5 class="test-status text-fail">verifyTC271_CheckCommentHelpful</h5>
<span class='badge badge-success'>08.26.2025 11:27:27 PM</span>
<span class='badge badge-danger'>08.26.2025 11:27:37 PM</span>
<span class='badge badge-default'>00:00:09:941</span>
&middot; <span class='uri-anchor badge badge-default'>#test-id=14</span>
<span title='Skip to the next failed step' class='badge badge-danger pointer float-right ne ml-1'><i class="fa fa-fast-forward"></i></span>
<span title='Collapse all nodes' class='badge badge-default pointer float-right ct ml-1'><i class="fa fa-compress"></i></span>
<span title='Expand all nodes' class='badge badge-default pointer float-right et'><i class="fa fa-expand"></i></span>
</div>
</div>
</div><div class="detail-body mt-4">
<table class="table table-sm">
  <thead><tr><th class="status-col">Status</th><th class="timestamp-col">Timestamp</th><th class="details-col">Details</th></tr></thead>
  <tbody>
      <tr class="event-row">
        <td><span class="badge log fail-bg">Fail</span></td>
        <td>11:27:37 PM</td>
        <td>
          Test Failed: java.lang.AssertionError: [TC271]❌ Test Failed: Không click được icon Helpful expected [false] but found [true]
    <div class="row mb-3"><div class="col-md-3">
    

<img data-featherlight='C:\Users\ThaoPNN\Desktop\Capstone_AutomationTest_Team06_Testing04\test-output\screenshots\verifyTC271_CheckCommentHelpful.png' src="C:\Users\ThaoPNN\Desktop\Capstone_AutomationTest_Team06_Testing04\test-output\screenshots\verifyTC271_CheckCommentHelpful
.png">
  
    

    </div></div>
        </td>
      </tr>
  </tbody>
</table>
</div>
          </div>
        </li>
        <li class="test-item"  status="fail" test-id="15"
          author=""
          tag=""
          device="">
          <div class="test-detail">
            <p class="name">verifyTC271_CheckCommentLike</p>
            <p class="text-sm">
              <span>11:27:46 PM</span> / <span>00:00:02:560</span>
              <span class="badge fail-bg log float-right">Fail</span>
            </p>
          </div>
          <div class="test-contents d-none">
<div class="detail-head">
<div class="p-v-10">
<div class="info">
<h5 class="test-status text-fail">verifyTC271_CheckCommentLike</h5>
<span class='badge badge-success'>08.26.2025 11:27:46 PM</span>
<span class='badge badge-danger'>08.26.2025 11:27:48 PM</span>
<span class='badge badge-default'>00:00:02:560</span>
&middot; <span class='uri-anchor badge badge-default'>#test-id=15</span>
<span title='Skip to the next failed step' class='badge badge-danger pointer float-right ne ml-1'><i class="fa fa-fast-forward"></i></span>
<span title='Collapse all nodes' class='badge badge-default pointer float-right ct ml-1'><i class="fa fa-compress"></i></span>
<span title='Expand all nodes' class='badge badge-default pointer float-right et'><i class="fa fa-expand"></i></span>
</div>
</div>
</div><div class="detail-body mt-4">
<table class="table table-sm">
  <thead><tr><th class="status-col">Status</th><th class="timestamp-col">Timestamp</th><th class="details-col">Details</th></tr></thead>
  <tbody>
      <tr class="event-row">
        <td><span class="badge log fail-bg">Fail</span></td>
        <td>11:27:48 PM</td>
        <td>
          Test Failed: java.lang.AssertionError: [TC271]❌ Test Failed: Không click được icon Like expected [false] but found [true]
    <div class="row mb-3"><div class="col-md-3">
    

<img data-featherlight='C:\Users\ThaoPNN\Desktop\Capstone_AutomationTest_Team06_Testing04\test-output\screenshots\verifyTC271_CheckCommentLike.png' src="C:\Users\ThaoPNN\Desktop\Capstone_AutomationTest_Team06_Testing04\test-output\screenshots\verifyTC271_CheckCommentLike.png">
  
    

    </div></div>
        </td>
      </tr>
  </tbody>
</table>
</div>
          </div>
        </li>
        <li class="test-item"  status="fail" test-id="16"
          author=""
          tag=""
          device="">
          <div class="test-detail">
            <p class="name">verifyTC271_CheckCommentUnLike</p>
            <p class="text-sm">
              <span>11:27:56 PM</span> / <span>00:00:02:509</span>
              <span class="badge fail-bg log float-right">Fail</span>
            </p>
          </div>
          <div class="test-contents d-none">
<div class="detail-head">
<div class="p-v-10">
<div class="info">
<h5 class="test-status text-fail">verifyTC271_CheckCommentUnLike</h5>
<span class='badge badge-success'>08.26.2025 11:27:56 PM</span>
<span class='badge badge-danger'>08.26.2025 11:27:59 PM</span>
<span class='badge badge-default'>00:00:02:509</span>
&middot; <span class='uri-anchor badge badge-default'>#test-id=16</span>
<span title='Skip to the next failed step' class='badge badge-danger pointer float-right ne ml-1'><i class="fa fa-fast-forward"></i></span>
<span title='Collapse all nodes' class='badge badge-default pointer float-right ct ml-1'><i class="fa fa-compress"></i></span>
<span title='Expand all nodes' class='badge badge-default pointer float-right et'><i class="fa fa-expand"></i></span>
</div>
</div>
</div><div class="detail-body mt-4">
<table class="table table-sm">
  <thead><tr><th class="status-col">Status</th><th class="timestamp-col">Timestamp</th><th class="details-col">Details</th></tr></thead>
  <tbody>
      <tr class="event-row">
        <td><span class="badge log fail-bg">Fail</span></td>
        <td>11:27:59 PM</td>
        <td>
          Test Failed: java.lang.AssertionError: [TC271]❌ Test Failed: Không click được icon UnLike expected [false] but found [true]
    <div class="row mb-3"><div class="col-md-3">
    

<img data-featherlight='C:\Users\ThaoPNN\Desktop\Capstone_AutomationTest_Team06_Testing04\test-output\screenshots\verifyTC271_CheckCommentUnLike.png' src="C:\Users\ThaoPNN\Desktop\Capstone_AutomationTest_Team06_Testing04\test-output\screenshots\verifyTC271_CheckCommentUnLike.png">
  
    

    </div></div>
        </td>
      </tr>
  </tbody>
</table>
</div>
          </div>
        </li>
        <li class="test-item"  status="fail" test-id="17"
          author=""
          tag=""
          device="">
          <div class="test-detail">
            <p class="name">verifyTC241_CheckAvatarSeller</p>
            <p class="text-sm">
              <span>11:28:05 PM</span> / <span>00:00:01:942</span>
              <span class="badge fail-bg log float-right">Fail</span>
            </p>
          </div>
          <div class="test-contents d-none">
<div class="detail-head">
<div class="p-v-10">
<div class="info">
<h5 class="test-status text-fail">verifyTC241_CheckAvatarSeller</h5>
<span class='badge badge-success'>08.26.2025 11:28:05 PM</span>
<span class='badge badge-danger'>08.26.2025 11:28:06 PM</span>
<span class='badge badge-default'>00:00:01:942</span>
&middot; <span class='uri-anchor badge badge-default'>#test-id=17</span>
<span title='Skip to the next failed step' class='badge badge-danger pointer float-right ne ml-1'><i class="fa fa-fast-forward"></i></span>
<span title='Collapse all nodes' class='badge badge-default pointer float-right ct ml-1'><i class="fa fa-compress"></i></span>
<span title='Expand all nodes' class='badge badge-default pointer float-right et'><i class="fa fa-expand"></i></span>
</div>
</div>
</div><div class="detail-body mt-4">
<table class="table table-sm">
  <thead><tr><th class="status-col">Status</th><th class="timestamp-col">Timestamp</th><th class="details-col">Details</th></tr></thead>
  <tbody>
      <tr class="event-row">
        <td><span class="badge log fail-bg">Fail</span></td>
        <td>11:28:06 PM</td>
        <td>
          Test Failed: java.lang.AssertionError: [TC241] ❌ Test Failed:  Ảnh avatar bị lỗi hoặc không load được!
    <div class="row mb-3"><div class="col-md-3">
    

<img data-featherlight='C:\Users\ThaoPNN\Desktop\Capstone_AutomationTest_Team06_Testing04\test-output\screenshots\verifyTC241_CheckAvatarSeller.png' src="C:\Users\ThaoPNN\Desktop\Capstone_AutomationTest_Team06_Testing04\test-output\screenshots\verifyTC241_CheckAvatarSeller.png">
  
    

    </div></div>
        </td>
      </tr>
  </tbody>
</table>
</div>
          </div>
        </li>
        <li class="test-item"  status="fail" test-id="18"
          author=""
          tag=""
          device="">
          <div class="test-detail">
            <p class="name">verifyTC244_CheckButtonContactMe</p>
            <p class="text-sm">
              <span>11:28:12 PM</span> / <span>00:00:03:863</span>
              <span class="badge fail-bg log float-right">Fail</span>
            </p>
          </div>
          <div class="test-contents d-none">
<div class="detail-head">
<div class="p-v-10">
<div class="info">
<h5 class="test-status text-fail">verifyTC244_CheckButtonContactMe</h5>
<span class='badge badge-success'>08.26.2025 11:28:12 PM</span>
<span class='badge badge-danger'>08.26.2025 11:28:16 PM</span>
<span class='badge badge-default'>00:00:03:863</span>
&middot; <span class='uri-anchor badge badge-default'>#test-id=18</span>
<span title='Skip to the next failed step' class='badge badge-danger pointer float-right ne ml-1'><i class="fa fa-fast-forward"></i></span>
<span title='Collapse all nodes' class='badge badge-default pointer float-right ct ml-1'><i class="fa fa-compress"></i></span>
<span title='Expand all nodes' class='badge badge-default pointer float-right et'><i class="fa fa-expand"></i></span>
</div>
</div>
</div><div class="detail-body mt-4">
<table class="table table-sm">
  <thead><tr><th class="status-col">Status</th><th class="timestamp-col">Timestamp</th><th class="details-col">Details</th></tr></thead>
  <tbody>
      <tr class="event-row">
        <td><span class="badge log fail-bg">Fail</span></td>
        <td>11:28:16 PM</td>
        <td>
          Test Failed: java.lang.AssertionError: [TC244] ❌ Test Failed:  Button Contact Me KHÔNG hoạt động (không chuyển trang)
    <div class="row mb-3"><div class="col-md-3">
    

<img data-featherlight='C:\Users\ThaoPNN\Desktop\Capstone_AutomationTest_Team06_Testing04\test-output\screenshots\verifyTC244_CheckButtonContactMe.png' src="C:\Users\ThaoPNN\Desktop\Capstone_AutomationTest_Team06_Testing04\test-output\screenshots\verifyTC244_CheckButtonContactMe.png">
  
    

    </div></div>
        </td>
      </tr>
  </tbody>
</table>
</div>
          </div>
        </li>
        <li class="test-item"  status="fail" test-id="19"
          author=""
          tag=""
          device="">
          <div class="test-detail">
            <p class="name">verifyTC236_CheckPackageSelectionTab</p>
            <p class="text-sm">
              <span>11:28:21 PM</span> / <span>00:00:11:558</span>
              <span class="badge fail-bg log float-right">Fail</span>
            </p>
          </div>
          <div class="test-contents d-none">
<div class="detail-head">
<div class="p-v-10">
<div class="info">
<h5 class="test-status text-fail">verifyTC236_CheckPackageSelectionTab</h5>
<span class='badge badge-success'>08.26.2025 11:28:21 PM</span>
<span class='badge badge-danger'>08.26.2025 11:28:32 PM</span>
<span class='badge badge-default'>00:00:11:558</span>
&middot; <span class='uri-anchor badge badge-default'>#test-id=19</span>
<span title='Skip to the next failed step' class='badge badge-danger pointer float-right ne ml-1'><i class="fa fa-fast-forward"></i></span>
<span title='Collapse all nodes' class='badge badge-default pointer float-right ct ml-1'><i class="fa fa-compress"></i></span>
<span title='Expand all nodes' class='badge badge-default pointer float-right et'><i class="fa fa-expand"></i></span>
</div>
</div>
</div><div class="detail-body mt-4">
<table class="table table-sm">
  <thead><tr><th class="status-col">Status</th><th class="timestamp-col">Timestamp</th><th class="details-col">Details</th></tr></thead>
  <tbody>
      <tr class="event-row">
        <td><span class="badge log fail-bg">Fail</span></td>
        <td>11:28:32 PM</td>
        <td>
          Test Failed: org.openqa.selenium.TimeoutException: Expected condition failed: waiting for visibility of element located by By.xpath: //div[@class='check-out mobile mt-5']//div[@class='check-out-header'] (tried for 10 second(s) with 500 milliseconds interval)
Build info: version: '4.32.0', revision: 'd17c8aa950'
System info: os.name: 'Windows 11', os.arch: 'amd64', os.version: '10.0', java.version: '17.0.12'
Driver info: org.openqa.selenium.chrome.ChromeDriver
Capabilities {acceptInsecureCerts: false, browserName: chrome, browserVersion: 139.0.7258.139, chrome: {chromedriverVersion: 139.0.7258.138 (884e54ea8d4..., userDataDir: C:\Users\ThaoPNN\AppData\Lo...}, fedcm:accounts: true, goog:chromeOptions: {debuggerAddress: localhost:60076}, networkConnectionEnabled: false, pageLoadStrategy: normal, platformName: windows, proxy: Proxy(), se:cdp: ws://localhost:60076/devtoo..., se:cdpVersion: 139.0.7258.139, setWindowRect: true, strictFileInteractability: false, timeouts: {implicit: 0, pageLoad: 300000, script: 30000}, unhandledPromptBehavior: dismiss and notify, webauthn:extension:credBlob: true, webauthn:extension:largeBlob: true, webauthn:extension:minPinLength: true, webauthn:extension:prf: true, webauthn:virtualAuthenticators: true}
Session ID: 05afd94fe06cc6ac58f7ced9fdea5941
    <div class="row mb-3"><div class="col-md-3">
    

<img data-featherlight='C:\Users\ThaoPNN\Desktop\Capstone_AutomationTest_Team06_Testing04\test-output\screenshots\verifyTC236_CheckPackageSelectionTab.png' src="C:\Users\ThaoPNN\Desktop\Capstone_AutomationTest_Team06_Testing04\test-output\screenshots\verifyTC236_CheckPackageSelectionTab.png">
  
    

    </div></div>
        </td>
      </tr>
  </tbody>
</table>
</div>
          </div>
        </li>
        <li class="test-item"  status="fail" test-id="20"
          author=""
          tag=""
          device="">
          <div class="test-detail">
            <p class="name">verifyTC237_CheckServicePackageDetail</p>
            <p class="text-sm">
              <span>11:28:37 PM</span> / <span>00:00:11:436</span>
              <span class="badge fail-bg log float-right">Fail</span>
            </p>
          </div>
          <div class="test-contents d-none">
<div class="detail-head">
<div class="p-v-10">
<div class="info">
<h5 class="test-status text-fail">verifyTC237_CheckServicePackageDetail</h5>
<span class='badge badge-success'>08.26.2025 11:28:37 PM</span>
<span class='badge badge-danger'>08.26.2025 11:28:49 PM</span>
<span class='badge badge-default'>00:00:11:436</span>
&middot; <span class='uri-anchor badge badge-default'>#test-id=20</span>
<span title='Skip to the next failed step' class='badge badge-danger pointer float-right ne ml-1'><i class="fa fa-fast-forward"></i></span>
<span title='Collapse all nodes' class='badge badge-default pointer float-right ct ml-1'><i class="fa fa-compress"></i></span>
<span title='Expand all nodes' class='badge badge-default pointer float-right et'><i class="fa fa-expand"></i></span>
</div>
</div>
</div><div class="detail-body mt-4">
<table class="table table-sm">
  <thead><tr><th class="status-col">Status</th><th class="timestamp-col">Timestamp</th><th class="details-col">Details</th></tr></thead>
  <tbody>
      <tr class="event-row">
        <td><span class="badge log fail-bg">Fail</span></td>
        <td>11:28:49 PM</td>
        <td>
          Test Failed: java.lang.AssertionError: Test case failed: Expected condition failed: waiting for element to be clickable: By.xpath: (//button[@role='tab'][normalize-space()='Basic'])[1] (tried for 10 second(s) with 500 milliseconds interval)
Build info: version: '4.32.0', revision: 'd17c8aa950'
System info: os.name: 'Windows 11', os.arch: 'amd64', os.version: '10.0', java.version: '17.0.12'
Driver info: org.openqa.selenium.chrome.ChromeDriver
Capabilities {acceptInsecureCerts: false, browserName: chrome, browserVersion: 139.0.7258.139, chrome: {chromedriverVersion: 139.0.7258.138 (884e54ea8d4..., userDataDir: C:\Users\ThaoPNN\AppData\Lo...}, fedcm:accounts: true, goog:chromeOptions: {debuggerAddress: localhost:53742}, networkConnectionEnabled: false, pageLoadStrategy: normal, platformName: windows, proxy: Proxy(), se:cdp: ws://localhost:53742/devtoo..., se:cdpVersion: 139.0.7258.139, setWindowRect: true, strictFileInteractability: false, timeouts: {implicit: 0, pageLoad: 300000, script: 30000}, unhandledPromptBehavior: dismiss and notify, webauthn:extension:credBlob: true, webauthn:extension:largeBlob: true, webauthn:extension:minPinLength: true, webauthn:extension:prf: true, webauthn:virtualAuthenticators: true}
Session ID: bc376e6f05d3b600cd526bd9e20567bb
    <div class="row mb-3"><div class="col-md-3">
    

<img data-featherlight='C:\Users\ThaoPNN\Desktop\Capstone_AutomationTest_Team06_Testing04\test-output\screenshots\verifyTC237_CheckServicePackageDetail.png' src="C:\Users\ThaoPNN\Desktop\Capstone_AutomationTest_Team06_Testing04\test-output\screenshots\verifyTC237_CheckServicePackageDetail.png">
  
    

    </div></div>
        </td>
      </tr>
  </tbody>
</table>
</div>
          </div>
        </li>
        <li class="test-item"  status="pass" test-id="21"
          author=""
          tag=""
          device="">
          <div class="test-detail">
            <p class="name">verifyTC239_CheckContinueButton</p>
            <p class="text-sm">
              <span>11:28:51 PM</span> / <span>00:00:12:303</span>
              <span class="badge pass-bg log float-right">Pass</span>
            </p>
          </div>
          <div class="test-contents d-none">
<div class="detail-head">
<div class="p-v-10">
<div class="info">
<h5 class="test-status text-pass">verifyTC239_CheckContinueButton</h5>
<span class='badge badge-success'>08.26.2025 11:28:51 PM</span>
<span class='badge badge-danger'>08.26.2025 11:29:03 PM</span>
<span class='badge badge-default'>00:00:12:303</span>
&middot; <span class='uri-anchor badge badge-default'>#test-id=21</span>
<span title='Skip to the next failed step' class='badge badge-danger pointer float-right ne ml-1'><i class="fa fa-fast-forward"></i></span>
<span title='Collapse all nodes' class='badge badge-default pointer float-right ct ml-1'><i class="fa fa-compress"></i></span>
<span title='Expand all nodes' class='badge badge-default pointer float-right et'><i class="fa fa-expand"></i></span>
</div>
</div>
</div><div class="detail-body mt-4">
<table class="table table-sm">
  <thead><tr><th class="status-col">Status</th><th class="timestamp-col">Timestamp</th><th class="details-col">Details</th></tr></thead>
  <tbody>
      <tr class="event-row">
        <td><span class="badge log pass-bg">Pass</span></td>
        <td>11:29:03 PM</td>
        <td>
          Test Passed
        </td>
      </tr>
  </tbody>
</table>
</div>
          </div>
        </li>
        <li class="test-item"  status="fail" test-id="22"
          author=""
          tag=""
          device="">
          <div class="test-detail">
            <p class="name">verifyTC240_CheckComparePackageButton</p>
            <p class="text-sm">
              <span>11:29:05 PM</span> / <span>00:00:05:564</span>
              <span class="badge fail-bg log float-right">Fail</span>
            </p>
          </div>
          <div class="test-contents d-none">
<div class="detail-head">
<div class="p-v-10">
<div class="info">
<h5 class="test-status text-fail">verifyTC240_CheckComparePackageButton</h5>
<span class='badge badge-success'>08.26.2025 11:29:05 PM</span>
<span class='badge badge-danger'>08.26.2025 11:29:11 PM</span>
<span class='badge badge-default'>00:00:05:564</span>
&middot; <span class='uri-anchor badge badge-default'>#test-id=22</span>
<span title='Skip to the next failed step' class='badge badge-danger pointer float-right ne ml-1'><i class="fa fa-fast-forward"></i></span>
<span title='Collapse all nodes' class='badge badge-default pointer float-right ct ml-1'><i class="fa fa-compress"></i></span>
<span title='Expand all nodes' class='badge badge-default pointer float-right et'><i class="fa fa-expand"></i></span>
</div>
</div>
</div><div class="detail-body mt-4">
<table class="table table-sm">
  <thead><tr><th class="status-col">Status</th><th class="timestamp-col">Timestamp</th><th class="details-col">Details</th></tr></thead>
  <tbody>
      <tr class="event-row">
        <td><span class="badge log fail-bg">Fail</span></td>
        <td>11:29:11 PM</td>
        <td>
          Test Failed: java.lang.AssertionError: [TC240] ❌ Test Failed:  Lỗi khi nhấn nút Compare Package
    <div class="row mb-3"><div class="col-md-3">
    

<img data-featherlight='C:\Users\ThaoPNN\Desktop\Capstone_AutomationTest_Team06_Testing04\test-output\screenshots\verifyTC240_CheckComparePackageButton.png' src="C:\Users\ThaoPNN\Desktop\Capstone_AutomationTest_Team06_Testing04\test-output\screenshots\verifyTC240_CheckComparePackageButton.png">
  
    

    </div></div>
        </td>
      </tr>
  </tbody>
</table>
</div>
          </div>
        </li>
        <li class="test-item"  status="fail" test-id="23"
          author=""
          tag=""
          device="">
          <div class="test-detail">
            <p class="name">verifyTC208_LayoutCategoriesMenu</p>
            <p class="text-sm">
              <span>11:29:12 PM</span> / <span>00:00:03:517</span>
              <span class="badge fail-bg log float-right">Fail</span>
            </p>
          </div>
          <div class="test-contents d-none">
<div class="detail-head">
<div class="p-v-10">
<div class="info">
<h5 class="test-status text-fail">verifyTC208_LayoutCategoriesMenu</h5>
<span class='badge badge-success'>08.26.2025 11:29:12 PM</span>
<span class='badge badge-danger'>08.26.2025 11:29:16 PM</span>
<span class='badge badge-default'>00:00:03:517</span>
&middot; <span class='uri-anchor badge badge-default'>#test-id=23</span>
<span title='Skip to the next failed step' class='badge badge-danger pointer float-right ne ml-1'><i class="fa fa-fast-forward"></i></span>
<span title='Collapse all nodes' class='badge badge-default pointer float-right ct ml-1'><i class="fa fa-compress"></i></span>
<span title='Expand all nodes' class='badge badge-default pointer float-right et'><i class="fa fa-expand"></i></span>
</div>
</div>
</div><div class="detail-body mt-4">
<table class="table table-sm">
  <thead><tr><th class="status-col">Status</th><th class="timestamp-col">Timestamp</th><th class="details-col">Details</th></tr></thead>
  <tbody>
      <tr class="event-row">
        <td><span class="badge log fail-bg">Fail</span></td>
        <td>11:29:16 PM</td>
        <td>
          Test Failed: java.lang.AssertionError: [TC208] ❌ Test Failed: Tràn bố cục Layout Overflow expected [1 services available] but found [0 services available]
    <div class="row mb-3"><div class="col-md-3">
    

<img data-featherlight='C:\Users\ThaoPNN\Desktop\Capstone_AutomationTest_Team06_Testing04\test-output\screenshots\verifyTC208_LayoutCategoriesMenu.png' src="C:\Users\ThaoPNN\Desktop\Capstone_AutomationTest_Team06_Testing04\test-output\screenshots\verifyTC208_LayoutCategoriesMenu.png">
  
    

    </div></div>
        </td>
      </tr>
  </tbody>
</table>
</div>
          </div>
        </li>
        <li class="test-item"  status="fail" test-id="24"
          author=""
          tag=""
          device="">
          <div class="test-detail">
            <p class="name">verifyTC209_DropdownFilterNavigation</p>
            <p class="text-sm">
              <span>11:29:18 PM</span> / <span>00:00:06:581</span>
              <span class="badge fail-bg log float-right">Fail</span>
            </p>
          </div>
          <div class="test-contents d-none">
<div class="detail-head">
<div class="p-v-10">
<div class="info">
<h5 class="test-status text-fail">verifyTC209_DropdownFilterNavigation</h5>
<span class='badge badge-success'>08.26.2025 11:29:18 PM</span>
<span class='badge badge-danger'>08.26.2025 11:29:25 PM</span>
<span class='badge badge-default'>00:00:06:581</span>
&middot; <span class='uri-anchor badge badge-default'>#test-id=24</span>
<span title='Skip to the next failed step' class='badge badge-danger pointer float-right ne ml-1'><i class="fa fa-fast-forward"></i></span>
<span title='Collapse all nodes' class='badge badge-default pointer float-right ct ml-1'><i class="fa fa-compress"></i></span>
<span title='Expand all nodes' class='badge badge-default pointer float-right et'><i class="fa fa-expand"></i></span>
</div>
</div>
</div><div class="detail-body mt-4">
<table class="table table-sm">
  <thead><tr><th class="status-col">Status</th><th class="timestamp-col">Timestamp</th><th class="details-col">Details</th></tr></thead>
  <tbody>
      <tr class="event-row">
        <td><span class="badge log fail-bg">Fail</span></td>
        <td>11:29:25 PM</td>
        <td>
          Test Failed: java.lang.AssertionError: [TC209] ❌ Test Failed:  - URL không đúng sau khi click dropdown expected [https://demo5.cybersoft.edu.vn/categories/2#WebPrograming] but found [https://demo5.cybersoft.edu.vn/categories/2#a]
    <div class="row mb-3"><div class="col-md-3">
    

<img data-featherlight='C:\Users\ThaoPNN\Desktop\Capstone_AutomationTest_Team06_Testing04\test-output\screenshots\verifyTC209_DropdownFilterNavigation.png' src="C:\Users\ThaoPNN\Desktop\Capstone_AutomationTest_Team06_Testing04\test-output\screenshots\verifyTC209_DropdownFilterNavigation.png">
  
    

    </div></div>
        </td>
      </tr>
  </tbody>
</table>
</div>
          </div>
        </li>
        <li class="test-item"  status="fail" test-id="25"
          author=""
          tag=""
          device="">
          <div class="test-detail">
            <p class="name">verifyTC210_ToggleSwitchNavigation</p>
            <p class="text-sm">
              <span>11:29:29 PM</span> / <span>00:00:02:086</span>
              <span class="badge fail-bg log float-right">Fail</span>
            </p>
          </div>
          <div class="test-contents d-none">
<div class="detail-head">
<div class="p-v-10">
<div class="info">
<h5 class="test-status text-fail">verifyTC210_ToggleSwitchNavigation</h5>
<span class='badge badge-success'>08.26.2025 11:29:29 PM</span>
<span class='badge badge-danger'>08.26.2025 11:29:31 PM</span>
<span class='badge badge-default'>00:00:02:086</span>
&middot; <span class='uri-anchor badge badge-default'>#test-id=25</span>
<span title='Skip to the next failed step' class='badge badge-danger pointer float-right ne ml-1'><i class="fa fa-fast-forward"></i></span>
<span title='Collapse all nodes' class='badge badge-default pointer float-right ct ml-1'><i class="fa fa-compress"></i></span>
<span title='Expand all nodes' class='badge badge-default pointer float-right et'><i class="fa fa-expand"></i></span>
</div>
</div>
</div><div class="detail-body mt-4">
<table class="table table-sm">
  <thead><tr><th class="status-col">Status</th><th class="timestamp-col">Timestamp</th><th class="details-col">Details</th></tr></thead>
  <tbody>
      <tr class="event-row">
        <td><span class="badge log fail-bg">Fail</span></td>
        <td>11:29:31 PM</td>
        <td>
          Test Failed: java.lang.AssertionError: [TC210] ❌ Test Failed: Toggle Switch không hoạt động expected [1 services available] but found [2 services available]
    <div class="row mb-3"><div class="col-md-3">
    

<img data-featherlight='C:\Users\ThaoPNN\Desktop\Capstone_AutomationTest_Team06_Testing04\test-output\screenshots\verifyTC210_ToggleSwitchNavigation.png' src="C:\Users\ThaoPNN\Desktop\Capstone_AutomationTest_Team06_Testing04\test-output\screenshots\verifyTC210_ToggleSwitchNavigation.png">
  
    

    </div></div>
        </td>
      </tr>
  </tbody>
</table>
</div>
          </div>
        </li>
        <li class="test-item"  status="fail" test-id="26"
          author=""
          tag=""
          device="">
          <div class="test-detail">
            <p class="name">verifyTC211_SortByNavigation</p>
            <p class="text-sm">
              <span>11:29:36 PM</span> / <span>00:00:02:747</span>
              <span class="badge fail-bg log float-right">Fail</span>
            </p>
          </div>
          <div class="test-contents d-none">
<div class="detail-head">
<div class="p-v-10">
<div class="info">
<h5 class="test-status text-fail">verifyTC211_SortByNavigation</h5>
<span class='badge badge-success'>08.26.2025 11:29:36 PM</span>
<span class='badge badge-danger'>08.26.2025 11:29:39 PM</span>
<span class='badge badge-default'>00:00:02:747</span>
&middot; <span class='uri-anchor badge badge-default'>#test-id=26</span>
<span title='Skip to the next failed step' class='badge badge-danger pointer float-right ne ml-1'><i class="fa fa-fast-forward"></i></span>
<span title='Collapse all nodes' class='badge badge-default pointer float-right ct ml-1'><i class="fa fa-compress"></i></span>
<span title='Expand all nodes' class='badge badge-default pointer float-right et'><i class="fa fa-expand"></i></span>
</div>
</div>
</div><div class="detail-body mt-4">
<table class="table table-sm">
  <thead><tr><th class="status-col">Status</th><th class="timestamp-col">Timestamp</th><th class="details-col">Details</th></tr></thead>
  <tbody>
      <tr class="event-row">
        <td><span class="badge log fail-bg">Fail</span></td>
        <td>11:29:39 PM</td>
        <td>
          Test Failed: java.lang.AssertionError: [TC211] ❌ Test Failed: Sort by không hoạt động expected [1 services available] but found [2 services available]
    <div class="row mb-3"><div class="col-md-3">
    

<img data-featherlight='C:\Users\ThaoPNN\Desktop\Capstone_AutomationTest_Team06_Testing04\test-output\screenshots\verifyTC211_SortByNavigation.png' src="C:\Users\ThaoPNN\Desktop\Capstone_AutomationTest_Team06_Testing04\test-output\screenshots\verifyTC211_SortByNavigation.png">
  
    

    </div></div>
        </td>
      </tr>
  </tbody>
</table>
</div>
          </div>
        </li>
        <li class="test-item"  status="fail" test-id="27"
          author=""
          tag=""
          device="">
          <div class="test-detail">
            <p class="name">verifyTC218_ImageSellerServiceCard</p>
            <p class="text-sm">
              <span>11:29:41 PM</span> / <span>00:00:05:124</span>
              <span class="badge fail-bg log float-right">Fail</span>
            </p>
          </div>
          <div class="test-contents d-none">
<div class="detail-head">
<div class="p-v-10">
<div class="info">
<h5 class="test-status text-fail">verifyTC218_ImageSellerServiceCard</h5>
<span class='badge badge-success'>08.26.2025 11:29:41 PM</span>
<span class='badge badge-danger'>08.26.2025 11:29:46 PM</span>
<span class='badge badge-default'>00:00:05:124</span>
&middot; <span class='uri-anchor badge badge-default'>#test-id=27</span>
<span title='Skip to the next failed step' class='badge badge-danger pointer float-right ne ml-1'><i class="fa fa-fast-forward"></i></span>
<span title='Collapse all nodes' class='badge badge-default pointer float-right ct ml-1'><i class="fa fa-compress"></i></span>
<span title='Expand all nodes' class='badge badge-default pointer float-right et'><i class="fa fa-expand"></i></span>
</div>
</div>
</div><div class="detail-body mt-4">
<table class="table table-sm">
  <thead><tr><th class="status-col">Status</th><th class="timestamp-col">Timestamp</th><th class="details-col">Details</th></tr></thead>
  <tbody>
      <tr class="event-row">
        <td><span class="badge log fail-bg">Fail</span></td>
        <td>11:29:46 PM</td>
        <td>
          Test Failed: java.lang.AssertionError: [TC218]❌ Test Failed: Ảnh bị lỗi hoặc không load được!
    <div class="row mb-3"><div class="col-md-3">
    

<img data-featherlight='C:\Users\ThaoPNN\Desktop\Capstone_AutomationTest_Team06_Testing04\test-output\screenshots\verifyTC218_ImageSellerServiceCard.png' src="C:\Users\ThaoPNN\Desktop\Capstone_AutomationTest_Team06_Testing04\test-output\screenshots\verifyTC218_ImageSellerServiceCard.png">
  
    

    </div></div>
        </td>
      </tr>
  </tbody>
</table>
</div>
          </div>
        </li>
        <li class="test-item"  status="fail" test-id="28"
          author=""
          tag=""
          device="">
          <div class="test-detail">
            <p class="name">verifyTC219_NameSellerServiceCard</p>
            <p class="text-sm">
              <span>11:29:48 PM</span> / <span>00:00:05:359</span>
              <span class="badge fail-bg log float-right">Fail</span>
            </p>
          </div>
          <div class="test-contents d-none">
<div class="detail-head">
<div class="p-v-10">
<div class="info">
<h5 class="test-status text-fail">verifyTC219_NameSellerServiceCard</h5>
<span class='badge badge-success'>08.26.2025 11:29:48 PM</span>
<span class='badge badge-danger'>08.26.2025 11:29:53 PM</span>
<span class='badge badge-default'>00:00:05:359</span>
&middot; <span class='uri-anchor badge badge-default'>#test-id=28</span>
<span title='Skip to the next failed step' class='badge badge-danger pointer float-right ne ml-1'><i class="fa fa-fast-forward"></i></span>
<span title='Collapse all nodes' class='badge badge-default pointer float-right ct ml-1'><i class="fa fa-compress"></i></span>
<span title='Expand all nodes' class='badge badge-default pointer float-right et'><i class="fa fa-expand"></i></span>
</div>
</div>
</div><div class="detail-body mt-4">
<table class="table table-sm">
  <thead><tr><th class="status-col">Status</th><th class="timestamp-col">Timestamp</th><th class="details-col">Details</th></tr></thead>
  <tbody>
      <tr class="event-row">
        <td><span class="badge log fail-bg">Fail</span></td>
        <td>11:29:53 PM</td>
        <td>
          Test Failed: java.lang.AssertionError: [TC219] ❌ Test Failed: Không click hoặc hover tên seller expected [https://demo5.cybersoft.edu.vn/sellerinfo] but found [https://demo5.cybersoft.edu.vn/categories/2]
    <div class="row mb-3"><div class="col-md-3">
    

<img data-featherlight='C:\Users\ThaoPNN\Desktop\Capstone_AutomationTest_Team06_Testing04\test-output\screenshots\verifyTC219_NameSellerServiceCard.png' src="C:\Users\ThaoPNN\Desktop\Capstone_AutomationTest_Team06_Testing04\test-output\screenshots\verifyTC219_NameSellerServiceCard.png">
  
    

    </div></div>
        </td>
      </tr>
  </tbody>
</table>
</div>
          </div>
        </li>
        <li class="test-item"  status="fail" test-id="29"
          author=""
          tag=""
          device="">
          <div class="test-detail">
            <p class="name">verifyTC220_AddToFavorite_StartingAdd</p>
            <p class="text-sm">
              <span>11:29:58 PM</span> / <span>00:00:02:811</span>
              <span class="badge fail-bg log float-right">Fail</span>
            </p>
          </div>
          <div class="test-contents d-none">
<div class="detail-head">
<div class="p-v-10">
<div class="info">
<h5 class="test-status text-fail">verifyTC220_AddToFavorite_StartingAdd</h5>
<span class='badge badge-success'>08.26.2025 11:29:58 PM</span>
<span class='badge badge-danger'>08.26.2025 11:30:01 PM</span>
<span class='badge badge-default'>00:00:02:811</span>
&middot; <span class='uri-anchor badge badge-default'>#test-id=29</span>
<span title='Skip to the next failed step' class='badge badge-danger pointer float-right ne ml-1'><i class="fa fa-fast-forward"></i></span>
<span title='Collapse all nodes' class='badge badge-default pointer float-right ct ml-1'><i class="fa fa-compress"></i></span>
<span title='Expand all nodes' class='badge badge-default pointer float-right et'><i class="fa fa-expand"></i></span>
</div>
</div>
</div><div class="detail-body mt-4">
<table class="table table-sm">
  <thead><tr><th class="status-col">Status</th><th class="timestamp-col">Timestamp</th><th class="details-col">Details</th></tr></thead>
  <tbody>
      <tr class="event-row">
        <td><span class="badge log fail-bg">Fail</span></td>
        <td>11:30:01 PM</td>
        <td>
          Test Failed: java.lang.AssertionError: [TC220] Add to Favorite không thành công (icon không đổi trạng thái) expected [true] but found [false]
    <div class="row mb-3"><div class="col-md-3">
    

<img data-featherlight='C:\Users\ThaoPNN\Desktop\Capstone_AutomationTest_Team06_Testing04\test-output\screenshots\verifyTC220_AddToFavorite_StartingAdd.png' src="C:\Users\ThaoPNN\Desktop\Capstone_AutomationTest_Team06_Testing04\test-output\screenshots\verifyTC220_AddToFavorite_StartingAdd.png">
  
    

    </div></div>
        </td>
      </tr>
  </tbody>
</table>
</div>
          </div>
        </li>
        <li class="test-item"  status="fail" test-id="30"
          author=""
          tag=""
          device="">
          <div class="test-detail">
            <p class="name">verifyTC227_TitleService</p>
            <p class="text-sm">
              <span>11:30:03 PM</span> / <span>00:00:05:404</span>
              <span class="badge fail-bg log float-right">Fail</span>
            </p>
          </div>
          <div class="test-contents d-none">
<div class="detail-head">
<div class="p-v-10">
<div class="info">
<h5 class="test-status text-fail">verifyTC227_TitleService</h5>
<span class='badge badge-success'>08.26.2025 11:30:03 PM</span>
<span class='badge badge-danger'>08.26.2025 11:30:08 PM</span>
<span class='badge badge-default'>00:00:05:404</span>
&middot; <span class='uri-anchor badge badge-default'>#test-id=30</span>
<span title='Skip to the next failed step' class='badge badge-danger pointer float-right ne ml-1'><i class="fa fa-fast-forward"></i></span>
<span title='Collapse all nodes' class='badge badge-default pointer float-right ct ml-1'><i class="fa fa-compress"></i></span>
<span title='Expand all nodes' class='badge badge-default pointer float-right et'><i class="fa fa-expand"></i></span>
</div>
</div>
</div><div class="detail-body mt-4">
<table class="table table-sm">
  <thead><tr><th class="status-col">Status</th><th class="timestamp-col">Timestamp</th><th class="details-col">Details</th></tr></thead>
  <tbody>
      <tr class="event-row">
        <td><span class="badge log fail-bg">Fail</span></td>
        <td>11:30:08 PM</td>
        <td>
          Test Failed: java.lang.AssertionError: [TC227] ❌ Test Failed:  Title bị menu che (Layout Overflow)
    <div class="row mb-3"><div class="col-md-3">
    

<img data-featherlight='C:\Users\ThaoPNN\Desktop\Capstone_AutomationTest_Team06_Testing04\test-output\screenshots\verifyTC227_TitleService.png' src="C:\Users\ThaoPNN\Desktop\Capstone_AutomationTest_Team06_Testing04\test-output\screenshots\verifyTC227_TitleService.png">
  
    

    </div></div>
        </td>
      </tr>
  </tbody>
</table>
</div>
          </div>
        </li>
        <li class="test-item"  status="fail" test-id="31"
          author=""
          tag=""
          device="">
          <div class="test-detail">
            <p class="name">verifyTC228_ImageSeller</p>
            <p class="text-sm">
              <span>11:30:10 PM</span> / <span>00:00:04:890</span>
              <span class="badge fail-bg log float-right">Fail</span>
            </p>
          </div>
          <div class="test-contents d-none">
<div class="detail-head">
<div class="p-v-10">
<div class="info">
<h5 class="test-status text-fail">verifyTC228_ImageSeller</h5>
<span class='badge badge-success'>08.26.2025 11:30:10 PM</span>
<span class='badge badge-danger'>08.26.2025 11:30:15 PM</span>
<span class='badge badge-default'>00:00:04:890</span>
&middot; <span class='uri-anchor badge badge-default'>#test-id=31</span>
<span title='Skip to the next failed step' class='badge badge-danger pointer float-right ne ml-1'><i class="fa fa-fast-forward"></i></span>
<span title='Collapse all nodes' class='badge badge-default pointer float-right ct ml-1'><i class="fa fa-compress"></i></span>
<span title='Expand all nodes' class='badge badge-default pointer float-right et'><i class="fa fa-expand"></i></span>
</div>
</div>
</div><div class="detail-body mt-4">
<table class="table table-sm">
  <thead><tr><th class="status-col">Status</th><th class="timestamp-col">Timestamp</th><th class="details-col">Details</th></tr></thead>
  <tbody>
      <tr class="event-row">
        <td><span class="badge log fail-bg">Fail</span></td>
        <td>11:30:15 PM</td>
        <td>
          Test Failed: java.lang.AssertionError: [TC228]❌ Test Failed: Ảnh bị lỗi hoặc không load được!
    <div class="row mb-3"><div class="col-md-3">
    

<img data-featherlight='C:\Users\ThaoPNN\Desktop\Capstone_AutomationTest_Team06_Testing04\test-output\screenshots\verifyTC228_ImageSeller.png' src="C:\Users\ThaoPNN\Desktop\Capstone_AutomationTest_Team06_Testing04\test-output\screenshots\verifyTC228_ImageSeller.png">
  
    

    </div></div>
        </td>
      </tr>
  </tbody>
</table>
</div>
          </div>
        </li>
        <li class="test-item"  status="fail" test-id="32"
          author=""
          tag=""
          device="">
          <div class="test-detail">
            <p class="name">verifyTC228_NameSeller</p>
            <p class="text-sm">
              <span>11:30:17 PM</span> / <span>00:00:13:916</span>
              <span class="badge fail-bg log float-right">Fail</span>
            </p>
          </div>
          <div class="test-contents d-none">
<div class="detail-head">
<div class="p-v-10">
<div class="info">
<h5 class="test-status text-fail">verifyTC228_NameSeller</h5>
<span class='badge badge-success'>08.26.2025 11:30:17 PM</span>
<span class='badge badge-danger'>08.26.2025 11:30:31 PM</span>
<span class='badge badge-default'>00:00:13:916</span>
&middot; <span class='uri-anchor badge badge-default'>#test-id=32</span>
<span title='Skip to the next failed step' class='badge badge-danger pointer float-right ne ml-1'><i class="fa fa-fast-forward"></i></span>
<span title='Collapse all nodes' class='badge badge-default pointer float-right ct ml-1'><i class="fa fa-compress"></i></span>
<span title='Expand all nodes' class='badge badge-default pointer float-right et'><i class="fa fa-expand"></i></span>
</div>
</div>
</div><div class="detail-body mt-4">
<table class="table table-sm">
  <thead><tr><th class="status-col">Status</th><th class="timestamp-col">Timestamp</th><th class="details-col">Details</th></tr></thead>
  <tbody>
      <tr class="event-row">
        <td><span class="badge log fail-bg">Fail</span></td>
        <td>11:30:31 PM</td>
        <td>
          Test Failed: java.lang.AssertionError: [TC228] ❌ Test Failed:  Không tìm thấy element tên Seller
        </td>
      </tr>
  </tbody>
</table>
</div>
          </div>
        </li>
        <li class="test-item"  status="fail" test-id="33"
          author=""
          tag=""
          device="">
          <div class="test-detail">
            <p class="name">verifyTC229_ClickSumRating</p>
            <p class="text-sm">
              <span>11:30:35 PM</span> / <span>00:00:12:936</span>
              <span class="badge fail-bg log float-right">Fail</span>
            </p>
          </div>
          <div class="test-contents d-none">
<div class="detail-head">
<div class="p-v-10">
<div class="info">
<h5 class="test-status text-fail">verifyTC229_ClickSumRating</h5>
<span class='badge badge-success'>08.26.2025 11:30:35 PM</span>
<span class='badge badge-danger'>08.26.2025 11:30:48 PM</span>
<span class='badge badge-default'>00:00:12:936</span>
&middot; <span class='uri-anchor badge badge-default'>#test-id=33</span>
<span title='Skip to the next failed step' class='badge badge-danger pointer float-right ne ml-1'><i class="fa fa-fast-forward"></i></span>
<span title='Collapse all nodes' class='badge badge-default pointer float-right ct ml-1'><i class="fa fa-compress"></i></span>
<span title='Expand all nodes' class='badge badge-default pointer float-right et'><i class="fa fa-expand"></i></span>
</div>
</div>
</div><div class="detail-body mt-4">
<table class="table table-sm">
  <thead><tr><th class="status-col">Status</th><th class="timestamp-col">Timestamp</th><th class="details-col">Details</th></tr></thead>
  <tbody>
      <tr class="event-row">
        <td><span class="badge log fail-bg">Fail</span></td>
        <td>11:30:48 PM</td>
        <td>
          Test Failed: org.openqa.selenium.TimeoutException: Expected condition failed: waiting for projects.testcases.ServiceDetail.DescriptionServiceTest$$Lambda$926/0x0000014e9e457878@2ebd6a0d (tried for 10 second(s) with 500 milliseconds interval)
Build info: version: '4.32.0', revision: 'd17c8aa950'
System info: os.name: 'Windows 11', os.arch: 'amd64', os.version: '10.0', java.version: '17.0.12'
Driver info: org.openqa.selenium.chrome.ChromeDriver
Capabilities {acceptInsecureCerts: false, browserName: chrome, browserVersion: 139.0.7258.139, chrome: {chromedriverVersion: 139.0.7258.138 (884e54ea8d4..., userDataDir: C:\Users\ThaoPNN\AppData\Lo...}, fedcm:accounts: true, goog:chromeOptions: {debuggerAddress: localhost:54903}, networkConnectionEnabled: false, pageLoadStrategy: normal, platformName: windows, proxy: Proxy(), se:cdp: ws://localhost:54903/devtoo..., se:cdpVersion: 139.0.7258.139, setWindowRect: true, strictFileInteractability: false, timeouts: {implicit: 0, pageLoad: 300000, script: 30000}, unhandledPromptBehavior: dismiss and notify, webauthn:extension:credBlob: true, webauthn:extension:largeBlob: true, webauthn:extension:minPinLength: true, webauthn:extension:prf: true, webauthn:virtualAuthenticators: true}
Session ID: 7e034b036878ba703b9ff76241ccf4b0
    <div class="row mb-3"><div class="col-md-3">
    

<img data-featherlight='C:\Users\ThaoPNN\Desktop\Capstone_AutomationTest_Team06_Testing04\test-output\screenshots\verifyTC229_ClickSumRating.png' src="C:\Users\ThaoPNN\Desktop\Capstone_AutomationTest_Team06_Testing04\test-output\screenshots\verifyTC229_ClickSumRating.png">
  
    

    </div></div>
        </td>
      </tr>
  </tbody>
</table>
</div>
          </div>
        </li>
        <li class="test-item"  status="pass" test-id="34"
          author=""
          tag=""
          device="">
          <div class="test-detail">
            <p class="name">verifyTC229_RatingIsReadOnly</p>
            <p class="text-sm">
              <span>11:30:53 PM</span> / <span>00:00:01:248</span>
              <span class="badge pass-bg log float-right">Pass</span>
            </p>
          </div>
          <div class="test-contents d-none">
<div class="detail-head">
<div class="p-v-10">
<div class="info">
<h5 class="test-status text-pass">verifyTC229_RatingIsReadOnly</h5>
<span class='badge badge-success'>08.26.2025 11:30:53 PM</span>
<span class='badge badge-danger'>08.26.2025 11:30:55 PM</span>
<span class='badge badge-default'>00:00:01:248</span>
&middot; <span class='uri-anchor badge badge-default'>#test-id=34</span>
<span title='Skip to the next failed step' class='badge badge-danger pointer float-right ne ml-1'><i class="fa fa-fast-forward"></i></span>
<span title='Collapse all nodes' class='badge badge-default pointer float-right ct ml-1'><i class="fa fa-compress"></i></span>
<span title='Expand all nodes' class='badge badge-default pointer float-right et'><i class="fa fa-expand"></i></span>
</div>
</div>
</div><div class="detail-body mt-4">
<table class="table table-sm">
  <thead><tr><th class="status-col">Status</th><th class="timestamp-col">Timestamp</th><th class="details-col">Details</th></tr></thead>
  <tbody>
      <tr class="event-row">
        <td><span class="badge log pass-bg">Pass</span></td>
        <td>11:30:55 PM</td>
        <td>
          Test Passed
        </td>
      </tr>
  </tbody>
</table>
</div>
          </div>
        </li>
        <li class="test-item"  status="fail" test-id="35"
          author=""
          tag=""
          device="">
          <div class="test-detail">
            <p class="name">verifyTC233_searchReview</p>
            <p class="text-sm">
              <span>11:30:59 PM</span> / <span>00:00:03:356</span>
              <span class="badge fail-bg log float-right">Fail</span>
            </p>
          </div>
          <div class="test-contents d-none">
<div class="detail-head">
<div class="p-v-10">
<div class="info">
<h5 class="test-status text-fail">verifyTC233_searchReview</h5>
<span class='badge badge-success'>08.26.2025 11:30:59 PM</span>
<span class='badge badge-danger'>08.26.2025 11:31:02 PM</span>
<span class='badge badge-default'>00:00:03:356</span>
&middot; <span class='uri-anchor badge badge-default'>#test-id=35</span>
<span title='Skip to the next failed step' class='badge badge-danger pointer float-right ne ml-1'><i class="fa fa-fast-forward"></i></span>
<span title='Collapse all nodes' class='badge badge-default pointer float-right ct ml-1'><i class="fa fa-compress"></i></span>
<span title='Expand all nodes' class='badge badge-default pointer float-right et'><i class="fa fa-expand"></i></span>
</div>
</div>
</div><div class="detail-body mt-4">
<table class="table table-sm">
  <thead><tr><th class="status-col">Status</th><th class="timestamp-col">Timestamp</th><th class="details-col">Details</th></tr></thead>
  <tbody>
      <tr class="event-row">
        <td><span class="badge log fail-bg">Fail</span></td>
        <td>11:31:02 PM</td>
        <td>
          Test Failed: java.lang.AssertionError: [TC233] ❌ Test Failed:  Không hiển thị kết quả sau khi search
    <div class="row mb-3"><div class="col-md-3">
    

<img data-featherlight='C:\Users\ThaoPNN\Desktop\Capstone_AutomationTest_Team06_Testing04\test-output\screenshots\verifyTC233_searchReview.png' src="C:\Users\ThaoPNN\Desktop\Capstone_AutomationTest_Team06_Testing04\test-output\screenshots\verifyTC233_searchReview.png">
  
    

    </div></div>
        </td>
      </tr>
  </tbody>
</table>
</div>
          </div>
        </li>
        <li class="test-item"  status="fail" test-id="36"
          author=""
          tag=""
          device="">
          <div class="test-detail">
            <p class="name">verifyTC245_CheckTitleFAQ</p>
            <p class="text-sm">
              <span>11:31:04 PM</span> / <span>00:00:04:587</span>
              <span class="badge fail-bg log float-right">Fail</span>
            </p>
          </div>
          <div class="test-contents d-none">
<div class="detail-head">
<div class="p-v-10">
<div class="info">
<h5 class="test-status text-fail">verifyTC245_CheckTitleFAQ</h5>
<span class='badge badge-success'>08.26.2025 11:31:04 PM</span>
<span class='badge badge-danger'>08.26.2025 11:31:09 PM</span>
<span class='badge badge-default'>00:00:04:587</span>
&middot; <span class='uri-anchor badge badge-default'>#test-id=36</span>
<span title='Skip to the next failed step' class='badge badge-danger pointer float-right ne ml-1'><i class="fa fa-fast-forward"></i></span>
<span title='Collapse all nodes' class='badge badge-default pointer float-right ct ml-1'><i class="fa fa-compress"></i></span>
<span title='Expand all nodes' class='badge badge-default pointer float-right et'><i class="fa fa-expand"></i></span>
</div>
</div>
</div><div class="detail-body mt-4">
<table class="table table-sm">
  <thead><tr><th class="status-col">Status</th><th class="timestamp-col">Timestamp</th><th class="details-col">Details</th></tr></thead>
  <tbody>
      <tr class="event-row">
        <td><span class="badge log fail-bg">Fail</span></td>
        <td>11:31:09 PM</td>
        <td>
          Test Failed: java.lang.AssertionError: [TC245] ❌ Test Failed:  Tiêu đề FAQ bị lặp lại: There are many passages but the majority?
    <div class="row mb-3"><div class="col-md-3">
    

<img data-featherlight='C:\Users\ThaoPNN\Desktop\Capstone_AutomationTest_Team06_Testing04\test-output\screenshots\verifyTC245_CheckTitleFAQ.png' src="C:\Users\ThaoPNN\Desktop\Capstone_AutomationTest_Team06_Testing04\test-output\screenshots\verifyTC245_CheckTitleFAQ.png">
  
    

    </div></div>
        </td>
      </tr>
  </tbody>
</table>
</div>
          </div>
        </li>
        <li class="test-item"  status="fail" test-id="37"
          author=""
          tag=""
          device="">
          <div class="test-detail">
            <p class="name">verifyTC246_CheckAccordingFAQ</p>
            <p class="text-sm">
              <span>11:31:13 PM</span> / <span>00:00:00:815</span>
              <span class="badge fail-bg log float-right">Fail</span>
            </p>
          </div>
          <div class="test-contents d-none">
<div class="detail-head">
<div class="p-v-10">
<div class="info">
<h5 class="test-status text-fail">verifyTC246_CheckAccordingFAQ</h5>
<span class='badge badge-success'>08.26.2025 11:31:13 PM</span>
<span class='badge badge-danger'>08.26.2025 11:31:14 PM</span>
<span class='badge badge-default'>00:00:00:815</span>
&middot; <span class='uri-anchor badge badge-default'>#test-id=37</span>
<span title='Skip to the next failed step' class='badge badge-danger pointer float-right ne ml-1'><i class="fa fa-fast-forward"></i></span>
<span title='Collapse all nodes' class='badge badge-default pointer float-right ct ml-1'><i class="fa fa-compress"></i></span>
<span title='Expand all nodes' class='badge badge-default pointer float-right et'><i class="fa fa-expand"></i></span>
</div>
</div>
</div><div class="detail-body mt-4">
<table class="table table-sm">
  <thead><tr><th class="status-col">Status</th><th class="timestamp-col">Timestamp</th><th class="details-col">Details</th></tr></thead>
  <tbody>
      <tr class="event-row">
        <td><span class="badge log fail-bg">Fail</span></td>
        <td>11:31:14 PM</td>
        <td>
          Test Failed: org.openqa.selenium.InvalidSelectorException: invalid selector: An invalid or illegal selector was specified
  (Session info: chrome=139.0.7258.139)
For documentation on this error, please visit: https://www.selenium.dev/documentation/webdriver/troubleshooting/errors#invalid-selector-exception
Build info: version: '4.32.0', revision: 'd17c8aa950'
System info: os.name: 'Windows 11', os.arch: 'amd64', os.version: '10.0', java.version: '17.0.12'
Driver info: org.openqa.selenium.chrome.ChromeDriver
Command: [ce3da186f52bd872ce98006ab9ab325a, findElements {value= //div[@class='FAQ mt-5']//ul, using=css selector}]
Capabilities {acceptInsecureCerts: false, browserName: chrome, browserVersion: 139.0.7258.139, chrome: {chromedriverVersion: 139.0.7258.138 (884e54ea8d4..., userDataDir: C:\Users\ThaoPNN\AppData\Lo...}, fedcm:accounts: true, goog:chromeOptions: {debuggerAddress: localhost:55267}, networkConnectionEnabled: false, pageLoadStrategy: normal, platformName: windows, proxy: Proxy(), se:cdp: ws://localhost:55267/devtoo..., se:cdpVersion: 139.0.7258.139, setWindowRect: true, strictFileInteractability: false, timeouts: {implicit: 0, pageLoad: 300000, script: 30000}, unhandledPromptBehavior: dismiss and notify, webauthn:extension:credBlob: true, webauthn:extension:largeBlob: true, webauthn:extension:minPinLength: true, webauthn:extension:prf: true, webauthn:virtualAuthenticators: true}
Session ID: ce3da186f52bd872ce98006ab9ab325a
        </td>
      </tr>
  </tbody>
</table>
</div>
          </div>
        </li>
        <li class="test-item"  status="fail" test-id="38"
          author=""
          tag=""
          device="">
          <div class="test-detail">
            <p class="name">verifyTC247_CheckDescriptionDetailFAQ</p>
            <p class="text-sm">
              <span>11:31:19 PM</span> / <span>00:00:11:992</span>
              <span class="badge fail-bg log float-right">Fail</span>
            </p>
          </div>
          <div class="test-contents d-none">
<div class="detail-head">
<div class="p-v-10">
<div class="info">
<h5 class="test-status text-fail">verifyTC247_CheckDescriptionDetailFAQ</h5>
<span class='badge badge-success'>08.26.2025 11:31:19 PM</span>
<span class='badge badge-danger'>08.26.2025 11:31:31 PM</span>
<span class='badge badge-default'>00:00:11:992</span>
&middot; <span class='uri-anchor badge badge-default'>#test-id=38</span>
<span title='Skip to the next failed step' class='badge badge-danger pointer float-right ne ml-1'><i class="fa fa-fast-forward"></i></span>
<span title='Collapse all nodes' class='badge badge-default pointer float-right ct ml-1'><i class="fa fa-compress"></i></span>
<span title='Expand all nodes' class='badge badge-default pointer float-right et'><i class="fa fa-expand"></i></span>
</div>
</div>
</div><div class="detail-body mt-4">
<table class="table table-sm">
  <thead><tr><th class="status-col">Status</th><th class="timestamp-col">Timestamp</th><th class="details-col">Details</th></tr></thead>
  <tbody>
      <tr class="event-row">
        <td><span class="badge log fail-bg">Fail</span></td>
        <td>11:31:31 PM</td>
        <td>
          Test Failed: org.openqa.selenium.TimeoutException: Expected condition failed: waiting for element to be clickable: By.xpath: //div[@class='FAQ mt-5']//li[1]//p[1] (tried for 10 second(s) with 500 milliseconds interval)
Build info: version: '4.32.0', revision: 'd17c8aa950'
System info: os.name: 'Windows 11', os.arch: 'amd64', os.version: '10.0', java.version: '17.0.12'
Driver info: org.openqa.selenium.chrome.ChromeDriver
Capabilities {acceptInsecureCerts: false, browserName: chrome, browserVersion: 139.0.7258.139, chrome: {chromedriverVersion: 139.0.7258.138 (884e54ea8d4..., userDataDir: C:\Users\ThaoPNN\AppData\Lo...}, fedcm:accounts: true, goog:chromeOptions: {debuggerAddress: localhost:55347}, networkConnectionEnabled: false, pageLoadStrategy: normal, platformName: windows, proxy: Proxy(), se:cdp: ws://localhost:55347/devtoo..., se:cdpVersion: 139.0.7258.139, setWindowRect: true, strictFileInteractability: false, timeouts: {implicit: 0, pageLoad: 300000, script: 30000}, unhandledPromptBehavior: dismiss and notify, webauthn:extension:credBlob: true, webauthn:extension:largeBlob: true, webauthn:extension:minPinLength: true, webauthn:extension:prf: true, webauthn:virtualAuthenticators: true}
Session ID: e2b844578f3a20a54ae79093e6f9bb6c
    <div class="row mb-3"><div class="col-md-3">
    

<img data-featherlight='C:\Users\ThaoPNN\Desktop\Capstone_AutomationTest_Team06_Testing04\test-output\screenshots\verifyTC247_CheckDescriptionDetailFAQ.png' src="C:\Users\ThaoPNN\Desktop\Capstone_AutomationTest_Team06_Testing04\test-output\screenshots\verifyTC247_CheckDescriptionDetailFAQ.png">
  
    

    </div></div>
        </td>
      </tr>
  </tbody>
</table>
</div>
          </div>
        </li>
        <li class="test-item"  status="fail" test-id="39"
          author=""
          tag=""
          device="">
          <div class="test-detail">
            <p class="name">verifyTC202_ButtonHowFiverrWorks</p>
            <p class="text-sm">
              <span>11:31:33 PM</span> / <span>00:00:14:847</span>
              <span class="badge fail-bg log float-right">Fail</span>
            </p>
          </div>
          <div class="test-contents d-none">
<div class="detail-head">
<div class="p-v-10">
<div class="info">
<h5 class="test-status text-fail">verifyTC202_ButtonHowFiverrWorks</h5>
<span class='badge badge-success'>08.26.2025 11:31:33 PM</span>
<span class='badge badge-danger'>08.26.2025 11:31:48 PM</span>
<span class='badge badge-default'>00:00:14:847</span>
&middot; <span class='uri-anchor badge badge-default'>#test-id=39</span>
<span title='Skip to the next failed step' class='badge badge-danger pointer float-right ne ml-1'><i class="fa fa-fast-forward"></i></span>
<span title='Collapse all nodes' class='badge badge-default pointer float-right ct ml-1'><i class="fa fa-compress"></i></span>
<span title='Expand all nodes' class='badge badge-default pointer float-right et'><i class="fa fa-expand"></i></span>
</div>
</div>
</div><div class="detail-body mt-4">
<table class="table table-sm">
  <thead><tr><th class="status-col">Status</th><th class="timestamp-col">Timestamp</th><th class="details-col">Details</th></tr></thead>
  <tbody>
      <tr class="event-row">
        <td><span class="badge log fail-bg">Fail</span></td>
        <td>11:31:48 PM</td>
        <td>
          Test Failed: java.lang.AssertionError: [TC202] ❌ Test Failed:  Modal không hiển thị sau khi click button!
    <div class="row mb-3"><div class="col-md-3">
    

<img data-featherlight='C:\Users\ThaoPNN\Desktop\Capstone_AutomationTest_Team06_Testing04\test-output\screenshots\verifyTC202_ButtonHowFiverrWorks.png' src="C:\Users\ThaoPNN\Desktop\Capstone_AutomationTest_Team06_Testing04\test-output\screenshots\verifyTC202_ButtonHowFiverrWorks.png">
  
    

    </div></div>
        </td>
      </tr>
  </tbody>
</table>
</div>
          </div>
        </li>
        <li class="test-item"  status="pass" test-id="40"
          author=""
          tag=""
          device="">
          <div class="test-detail">
            <p class="name">verifyTC204_MenuTitle</p>
            <p class="text-sm">
              <span>11:31:53 PM</span> / <span>00:00:01:001</span>
              <span class="badge pass-bg log float-right">Pass</span>
            </p>
          </div>
          <div class="test-contents d-none">
<div class="detail-head">
<div class="p-v-10">
<div class="info">
<h5 class="test-status text-pass">verifyTC204_MenuTitle</h5>
<span class='badge badge-success'>08.26.2025 11:31:53 PM</span>
<span class='badge badge-danger'>08.26.2025 11:31:54 PM</span>
<span class='badge badge-default'>00:00:01:001</span>
&middot; <span class='uri-anchor badge badge-default'>#test-id=40</span>
<span title='Skip to the next failed step' class='badge badge-danger pointer float-right ne ml-1'><i class="fa fa-fast-forward"></i></span>
<span title='Collapse all nodes' class='badge badge-default pointer float-right ct ml-1'><i class="fa fa-compress"></i></span>
<span title='Expand all nodes' class='badge badge-default pointer float-right et'><i class="fa fa-expand"></i></span>
</div>
</div>
</div><div class="detail-body mt-4">
<table class="table table-sm">
  <thead><tr><th class="status-col">Status</th><th class="timestamp-col">Timestamp</th><th class="details-col">Details</th></tr></thead>
  <tbody>
      <tr class="event-row">
        <td><span class="badge log pass-bg">Pass</span></td>
        <td>11:31:54 PM</td>
        <td>
          Test Passed
        </td>
      </tr>
  </tbody>
</table>
</div>
          </div>
        </li>
        <li class="test-item"  status="fail" test-id="41"
          author=""
          tag=""
          device="">
          <div class="test-detail">
            <p class="name">verifyTC205_TagNavigation</p>
            <p class="text-sm">
              <span>11:31:59 PM</span> / <span>00:00:02:084</span>
              <span class="badge fail-bg log float-right">Fail</span>
            </p>
          </div>
          <div class="test-contents d-none">
<div class="detail-head">
<div class="p-v-10">
<div class="info">
<h5 class="test-status text-fail">verifyTC205_TagNavigation</h5>
<span class='badge badge-success'>08.26.2025 11:31:59 PM</span>
<span class='badge badge-danger'>08.26.2025 11:32:01 PM</span>
<span class='badge badge-default'>00:00:02:084</span>
&middot; <span class='uri-anchor badge badge-default'>#test-id=41</span>
<span title='Skip to the next failed step' class='badge badge-danger pointer float-right ne ml-1'><i class="fa fa-fast-forward"></i></span>
<span title='Collapse all nodes' class='badge badge-default pointer float-right ct ml-1'><i class="fa fa-compress"></i></span>
<span title='Expand all nodes' class='badge badge-default pointer float-right et'><i class="fa fa-expand"></i></span>
</div>
</div>
</div><div class="detail-body mt-4">
<table class="table table-sm">
  <thead><tr><th class="status-col">Status</th><th class="timestamp-col">Timestamp</th><th class="details-col">Details</th></tr></thead>
  <tbody>
      <tr class="event-row">
        <td><span class="badge log fail-bg">Fail</span></td>
        <td>11:32:01 PM</td>
        <td>
          Test Failed: java.lang.AssertionError: [TC205] ❌ Test Failed: Tags không hoạt động expected [https://demo5.cybersoft.edu.vn/title/2] but found [https://demo5.cybersoft.edu.vn/title/1]
    <div class="row mb-3"><div class="col-md-3">
    

<img data-featherlight='C:\Users\ThaoPNN\Desktop\Capstone_AutomationTest_Team06_Testing04\test-output\screenshots\verifyTC205_TagNavigation.png' src="C:\Users\ThaoPNN\Desktop\Capstone_AutomationTest_Team06_Testing04\test-output\screenshots\verifyTC205_TagNavigation.png">
  
    

    </div></div>
        </td>
      </tr>
  </tbody>
</table>
</div>
          </div>
        </li>
        <li class="test-item"  status="pass" test-id="42"
          author=""
          tag=""
          device="">
          <div class="test-detail">
            <p class="name">verifyTC213_MenuCategories</p>
            <p class="text-sm">
              <span>11:32:06 PM</span> / <span>00:00:01:533</span>
              <span class="badge pass-bg log float-right">Pass</span>
            </p>
          </div>
          <div class="test-contents d-none">
<div class="detail-head">
<div class="p-v-10">
<div class="info">
<h5 class="test-status text-pass">verifyTC213_MenuCategories</h5>
<span class='badge badge-success'>08.26.2025 11:32:06 PM</span>
<span class='badge badge-danger'>08.26.2025 11:32:08 PM</span>
<span class='badge badge-default'>00:00:01:533</span>
&middot; <span class='uri-anchor badge badge-default'>#test-id=42</span>
<span title='Skip to the next failed step' class='badge badge-danger pointer float-right ne ml-1'><i class="fa fa-fast-forward"></i></span>
<span title='Collapse all nodes' class='badge badge-default pointer float-right ct ml-1'><i class="fa fa-compress"></i></span>
<span title='Expand all nodes' class='badge badge-default pointer float-right et'><i class="fa fa-expand"></i></span>
</div>
</div>
</div><div class="detail-body mt-4">
<table class="table table-sm">
  <thead><tr><th class="status-col">Status</th><th class="timestamp-col">Timestamp</th><th class="details-col">Details</th></tr></thead>
  <tbody>
      <tr class="event-row">
        <td><span class="badge log pass-bg">Pass</span></td>
        <td>11:32:08 PM</td>
        <td>
          Test Passed
        </td>
      </tr>
  </tbody>
</table>
</div>
          </div>
        </li>
      </ul>
    </div>
  </div>
<div class="test-content scrollable">
<div class="test-content-tools">
<ul><li><a class="back-to-test" href="#"><i class="fa fa-arrow-left"></i></a></li></ul>
</div>
<div class="test-content-detail"><div class="detail-body"></div></div>
</div></div>
<div class="container-fluid p-4 view dashboard-view">
<div class="row">
<div class="col-md-3">
<div class="card"><div class="card-body">
<p class="m-b-0">Started</p>
<h3>Aug 26, 2025 11:24:25 PM</h3>
</div></div>
</div>
<div class="col-md-3">
<div class="card"><div class="card-body">
<p class="m-b-0">Ended</p>
<h3>Aug 26, 2025 11:32:08 PM</h3>
</div></div>
</div>
<div class="col-md-3">
<div class="card"><div class="card-body">
<p class="m-b-0 text-pass">Tests Passed</p>
<h3>8</h3>
</div></div>
</div>
<div class="col-md-3">
<div class="card"><div class="card-body">
<p class="m-b-0 text-fail">Tests Failed</p>
<h3>34</h3>
</div></div>
</div>
</div>
<div class="row">
<div class="col-md-6">
<div class="card">
<div class="card-header">
<h6 class="card-title">Tests</h6>
</div>
<div class="card-body">
<div class="">
<canvas id='parent-analysis' width='115' height='90'></canvas>
</div>
</div>
<div class="card-footer">
<div><small data-tooltip='19%'>
<b>8</b> tests passed
</small>
</div>
<div>
<small data-tooltip='80%'><b>34</b> tests failed,
<b>0</b> skipped, <b data-tooltip='0%'>0</b> others
</small>
</div>
</div>
</div>
</div>
<div class="col-md-6">
<div class="card">
<div class="card-header">
<h6 class="card-title">Log events</h6>
</div>
<div class="card-body">
<div class="">
<canvas id='events-analysis' width='115' height='90'></canvas>
</div>
</div>
<div class="card-footer">
<div><small data-tooltip='19%'><b>8</b> events passed</small></div>
<div>
<small data-tooltip='80%'><b>34</b> events failed,
<b data-tooltip='%'>0</b> others
</small>
</div>
</div>
</div>
</div>
</div>
<div class="row"><div class="col-md-12">
<div class="card"><div class="card-header"><p>Timeline</p></div>
<div class="card-body pt-0"><div>
<canvas id="timeline" height="120"></canvas>
</div></div>
</div>
</div></div>
<script>
var timeline = {
"verifyTC250_CompareNumberReviews":8.978,"verifyTC252_CheckSortByReview":2.591,"verifyTC253_CheckAvatarUserReview":2.497,"verifyTC253_WrongCountryDisplayed":4.816,"verifyTC255_CheckDisplayRatingAndCommentBox":4.696,"verifyTC257_CheckValidCommentInput":6.378,"verifyTC258_CheckFullReviewSubmission":2.516,"verifyTC260_CheckSubmitReviewMissing":1.28,"verifyTC262_CheckLongCommnent":61.684,"verifyTC263_TestXSSPreventedTextarea":8.655,"verifyTC264_SubmittedSpecialCharacters":5.169,"verifyTC265_CheckSuccessSub_DelForm":3.372,"verifyTC271_CheckCommentDeletion":5.492,"verifyTC271_CheckCommentHelpful":9.941,"verifyTC271_CheckCommentLike":2.56,"verifyTC271_CheckCommentUnLike":2.509,"verifyTC241_CheckAvatarSeller":1.942,"verifyTC244_CheckButtonContactMe":3.863,"verifyTC236_CheckPackageSelectionTab":11.558,"verifyTC237_CheckServicePackageDetail":11.436,"verifyTC239_CheckContinueButton":12.303,"verifyTC240_CheckComparePackageButton":5.564,"verifyTC208_LayoutCategoriesMenu":3.517,"verifyTC209_DropdownFilterNavigation":6.581,"verifyTC210_ToggleSwitchNavigation":2.086,"verifyTC211_SortByNavigation":2.747,"verifyTC218_ImageSellerServiceCard":5.124,"verifyTC219_NameSellerServiceCard":5.359,"verifyTC220_AddToFavorite_StartingAdd":2.811,"verifyTC227_TitleService":5.404,"verifyTC228_ImageSeller":4.89,"verifyTC228_NameSeller":13.916,"verifyTC229_ClickSumRating":12.936,"verifyTC229_RatingIsReadOnly":1.248,"verifyTC233_searchReview":3.356,"verifyTC245_CheckTitleFAQ":4.587,"verifyTC246_CheckAccordingFAQ":0.815,"verifyTC247_CheckDescriptionDetailFAQ":11.992,"verifyTC202_ButtonHowFiverrWorks":14.847,"verifyTC204_MenuTitle":1.001,"verifyTC205_TagNavigation":2.084,"verifyTC213_MenuCategories":1.533
};
</script>
<div class="row">
<div class="col-lg-6 col-md-12 sysenv-container">
<div class="card">
<div class="card-header"><p>System/Environment</p></div>
<div class="card-body pb-0 pt-0"><table class="table table-sm table-bordered">
<thead><tr class="bg-gray"><th>Name</th><th>Value</th></tr></thead>
<tbody>
<tr>
<td>Tester</td>
<td>Phạm Nguyễn Ngọc Thảo</td>
</tr>
<tr>
<td>Environment</td>
<td>Production</td>
</tr>
</tbody>
</table></div>
</div>
</div>
</div>
</div>
<script>
var statusGroup = {
parentCount: 5,
passParent: 8,
failParent: 34,
warningParent: 0,
skipParent: 0,
childCount: 5,
passChild: 0,
failChild: 0,
warningChild: 0,
skipChild: 0,
infoChild: 0,
grandChildCount: 5,
passGrandChild: 0,
failGrandChild: 0,
warningGrandChild: 0,
skipGrandChild: 0,
infoGrandChild: 0,
eventsCount: 5,
passEvents: 8,
failEvents: 34,
warningEvents: 0,
skipEvents: 0,
infoEvents: 0
};
</script>        </div>
      </div>
    </div>
  </div>
<script src="https://cdn.jsdelivr.net/gh/extent-framework/extent-github-cdn@c05cd28cde1617b9d0c05a831daff6cb97fd9fd5/spark/js/spark-script.js"></script>
<script type="text/javascript"></script></body>
</html>